Log file open, 04/21/16 14:46:59
LogInit:Display: Running engine for game: TeamProject
LogPlatformFile: Not using cached read wrapper
LogInit:Display: RandInit(980494713) SRandInit(980494714).
LogTaskGraph: Started task graph with 4 named threads and 5 total threads.
LogStats: Stats thread started at 0.081155
LogHMD: Can't find Oculus library dev build: is proper Runtime installed? Version: 0.8.0.0
LogInit: Version: 4.11.0-2927265+++UE4+Release-4.11
LogInit: API Version: 2927265
LogInit: Compiled (64-bit): Mar 30 2016 02:13:55
LogInit: Compiled with Visual C++: 19.00.23026.00
LogInit: Build Configuration: Development
LogInit: Branch Name: ++UE4+Release-4.11
LogInit: Command line: 
LogInit: Base directory: C:/Program Files (x86)/Epic Games/4.11/Engine/Binaries/Win64/
LogInit: Installed Engine Build: 1
LogInit: Using libcurl 7.41.0
LogInit:  - built for x86_64-pc-win32
LogInit:  - supports SSL with WinSSL
LogInit:  - other features:
LogInit:      CURL_VERSION_SSL
LogInit:      CURL_VERSION_IPV6
LogInit:      CURL_VERSION_ASYNCHDNS
LogInit:      CURL_VERSION_LARGEFILE
LogInit:      CURL_VERSION_IDN
LogInit:  CurlRequestOptions (configurable via config and command line):
LogInit:  - bVerifyPeer = true  - Libcurl will verify peer certificate
LogInit:  - bUseHttpProxy = false  - Libcurl will NOT use HTTP proxy
LogInit:  - bDontReuseConnections = false  - Libcurl will reuse connections
LogInit:  - CertBundlePath = nullptr  - Libcurl will use whatever was configured at build time.
LogInit: Presizing for max 16777216 objects, including 0 objects not considered by GC, pre-allocating 0 bytes for permanent pool.
LogInit: Object subsystem initialized
[2016.04.21-18.46.59:755][  0]LogInit: Selected Device Profile: [Windows]
[2016.04.21-18.46.59:755][  0]LogInit: Applying CVar settings loaded from the selected device profile: [Windows]
[2016.04.21-18.46.59:771][  0]LogInit: Computer: LAPTOP-DKMCISCL
[2016.04.21-18.46.59:771][  0]LogInit: User: Keith
[2016.04.21-18.46.59:771][  0]LogInit: CPU Page size=65536, Cores=2
[2016.04.21-18.46.59:771][  0]LogInit: High frequency timer resolution =2.338341 MHz
[2016.04.21-18.46.59:772][  0]LogMemory: Memory total: Physical=11.9GB (12GB approx)
[2016.04.21-18.46.59:772][  0]LogMemory: Platform Memory Stats for Windows
[2016.04.21-18.46.59:772][  0]LogMemory: Process Physical Memory: 311.74 MB used, 311.74 MB peak
[2016.04.21-18.46.59:772][  0]LogMemory: Process Virtual Memory: 315.64 MB used, 315.64 MB peak
[2016.04.21-18.46.59:772][  0]LogMemory: Physical Memory: 5724.16 MB used, 12202.14 MB total
[2016.04.21-18.46.59:772][  0]LogMemory: Virtual Memory: 651.60 MB used, 134217728.00 MB total
[2016.04.21-18.46.59:805][  0]LogTextLocalizationManager: No specific translations for ('en-US') exist, so ('en') translations will be used.
[2016.04.21-18.47.00:246][  0]LogD3D11RHI: D3D11 adapters:
[2016.04.21-18.47.00:254][  0]LogD3D11RHI:    0. 'Intel(R) HD Graphics 5500' (Feature Level 11_0)
[2016.04.21-18.47.00:254][  0]LogD3D11RHI:       128MB of dedicated video memory, 0MB of dedicated system memory, and 6101MB of shared system memory, 1 output[s]
[2016.04.21-18.47.00:257][  0]LogD3D11RHI:    1. 'Microsoft Basic Render Driver' (Feature Level 11_0)
[2016.04.21-18.47.00:257][  0]LogD3D11RHI:       0MB of dedicated video memory, 0MB of dedicated system memory, and 6101MB of shared system memory, 0 output[s]
[2016.04.21-18.47.00:257][  0]LogD3D11RHI: Chosen D3D11 Adapter: 0
[2016.04.21-18.47.00:263][  0]LogD3D11RHI: Creating new Direct3DDevice
[2016.04.21-18.47.00:263][  0]LogD3D11RHI:     Adapter Name: Intel(R) HD Graphics 5500
[2016.04.21-18.47.00:263][  0]LogD3D11RHI:   Driver Version: Unknown (internal Unknown)
[2016.04.21-18.47.00:263][  0]LogD3D11RHI:      Driver Date: Unknown
[2016.04.21-18.47.00:263][  0]LogRHI: Texture pool is 1361 MB (70% of 1945 MB)
[2016.04.21-18.47.00:268][  0]LogD3D11RHI: Async texture creation enabled
[2016.04.21-18.47.00:274][  0]LogShaderCompilers: Guid format shader working directory is -33 characters bigger than the processId version (../../../../../../Users/Keith/Documents/Unreal Projects/TeamProject/TeamProject/Intermediate/Shaders/WorkingDirectory/2372/).
[2016.04.21-18.47.00:274][  0]LogShaderCompilers: Cleaned the shader compiler working directory 'C:/Users/Keith/AppData/Local/Temp/UnrealShaderWorkingDir/732221BC49E7FAA0E4C703B3611F3554/'.
[2016.04.21-18.47.00:274][  0]LogShaderCompilers:Display: Using Local Shader Compiler.
[2016.04.21-18.47.01:440][  0]LogTemp:Display: Loaded TP AllDesktopTargetPlatform
[2016.04.21-18.47.01:448][  0]LogTemp:Display: Loaded TP WindowsClientTargetPlatform
[2016.04.21-18.47.01:456][  0]LogTemp:Display: Loaded TP WindowsNoEditorTargetPlatform
[2016.04.21-18.47.01:463][  0]LogTemp:Display: Loaded TP WindowsServerTargetPlatform
[2016.04.21-18.47.01:470][  0]LogTemp:Display: Loaded TP WindowsTargetPlatform
[2016.04.21-18.47.01:474][  0]LogTemp:Display: Loaded TP AndroidTargetPlatform
[2016.04.21-18.47.01:478][  0]LogTemp:Display: Loaded TP Android_ASTCTargetPlatform
[2016.04.21-18.47.01:482][  0]LogTemp:Display: Loaded TP Android_ATCTargetPlatform
[2016.04.21-18.47.01:486][  0]LogTemp:Display: Loaded TP Android_DXTTargetPlatform
[2016.04.21-18.47.01:490][  0]LogTemp:Display: Loaded TP Android_ETC1TargetPlatform
[2016.04.21-18.47.01:494][  0]LogTemp:Display: Loaded TP Android_ETC2TargetPlatform
[2016.04.21-18.47.01:502][  0]LogTemp:Display: Loaded TP Android_MultiTargetPlatform
[2016.04.21-18.47.01:502][  0]LogTemp:Display: Loaded TP Android_PVRTCTargetPlatform
[2016.04.21-18.47.01:503][  0]LogTemp:Display: Loaded TP HTML5TargetPlatform
[2016.04.21-18.47.01:522][  0]LogTemp:Display: Loaded TP IOSTargetPlatform
[2016.04.21-18.47.01:525][  0]LogTemp:Display: Loaded TP TVOSTargetPlatform
[2016.04.21-18.47.01:529][  0]LogTemp:Display: Loaded TP LinuxNoEditorTargetPlatform
[2016.04.21-18.47.01:532][  0]LogTemp:Display: Loaded TP LinuxServerTargetPlatform
[2016.04.21-18.47.01:536][  0]LogTemp:Display: Loaded TP LinuxTargetPlatform
[2016.04.21-18.47.01:536][  0]LogTargetPlatformManager:Display: Building Assets For Windows
[2016.04.21-18.47.01:650][  0]LogDerivedDataCache:Display: Max Cache Size: 512 MB
[2016.04.21-18.47.01:705][  0]LogDerivedDataCache: Loaded boot cache 0.05s 46MB C:/Users/Keith/AppData/Local/UnrealEngine/4.11/DerivedDataCache/Boot.ddc.
[2016.04.21-18.47.01:705][  0]LogDerivedDataCache:Display: Loaded Boot cache: C:/Users/Keith/AppData/Local/UnrealEngine/4.11/DerivedDataCache/Boot.ddc
[2016.04.21-18.47.01:705][  0]LogDerivedDataCache: FDerivedDataBackendGraph:  Pak pak cache file ../../../../../../Users/Keith/Documents/Unreal Projects/TeamProject/TeamProject/DerivedDataCache/DDC.ddp not found, will not use a pak cache.
[2016.04.21-18.47.01:705][  0]LogDerivedDataCache: Unable to find inner node Pak for hierarchical cache Hierarchy.
[2016.04.21-18.47.01:705][  0]LogDerivedDataCache: FDerivedDataBackendGraph:  CompressedPak pak cache file ../../../../../../Users/Keith/Documents/Unreal Projects/TeamProject/TeamProject/DerivedDataCache/Compressed.ddp not found, will not use a pak cache.
[2016.04.21-18.47.01:705][  0]LogDerivedDataCache: Unable to find inner node CompressedPak for hierarchical cache Hierarchy.
[2016.04.21-18.47.01:720][  0]LogDerivedDataCache:Display: Pak cache opened for reading ../../../Engine/DerivedDataCache/Compressed.ddp.
[2016.04.21-18.47.01:735][  0]LogDerivedDataCache: Using Local data cache path C:/Users/Keith/AppData/Local/UnrealEngine/Common/DerivedDataCache: Writable
[2016.04.21-18.47.01:914][  0]LogInit: Selected Device Profile: [Windows]
[2016.04.21-18.47.01:915][  0]LogContentStreaming: Texture pool size is 0.00 MB
[2016.04.21-18.47.01:966][  0]LogMaterial: Uniform references updated for custom material expression Custom.
[2016.04.21-18.47.02:103][  0]LogMeshUtilities: No automatic mesh reduction module available
[2016.04.21-18.47.02:103][  0]LogMeshUtilities: No automatic mesh merging module available
[2016.04.21-18.47.02:103][  0]LogMeshUtilities: No distributed automatic mesh merging module available
[2016.04.21-18.47.02:361][  0]LogUObjectArray: 27672 objects as part of root set at end of initial load.
[2016.04.21-18.47.02:361][  0]LogUObjectAllocator: 5589896 out of 0 bytes used by permanent object pool.
[2016.04.21-18.47.02:361][  0]LogUObjectArray: CloseDisregardForGC: 0/0 objects in disregard for GC pool
[2016.04.21-18.47.02:371][  0]LogInit: WinSock: version 1.1 (2.2), MaxSocks=32767, MaxUdp=65467
[2016.04.21-18.47.02:489][  0]LogSlate: SlateFontCache - WITH_FREETYPE: 1, WITH_HARFBUZZ: 1
[2016.04.21-18.47.02:489][  0]LogSlate: SlateFontCache - WITH_FREETYPE: 1, WITH_HARFBUZZ: 1
[2016.04.21-18.47.02:617][  0]LogStreaming:Warning: Failed to read file '../../../Engine/Content/Editor/Slate/Common/Selection_16x.png' error.
[2016.04.21-18.47.02:617][  0]LogSlate: Could not find file for Slate resource: ../../../Engine/Content/Editor/Slate/Common/Selection_16x.png
[2016.04.21-18.47.02:617][  0]LogStreaming:Warning: Failed to read file '../../../Engine/Content/Editor/Slate/Common/Selection_16x.png' error.
[2016.04.21-18.47.02:617][  0]LogSlate: Could not find file for Slate resource: ../../../Engine/Content/Editor/Slate/Common/Selection_16x.png
[2016.04.21-18.47.02:617][  0]LogStreaming:Warning: Failed to read file '../../../Engine/Content/Editor/Slate/Common/Selection_16x.png' error.
[2016.04.21-18.47.02:617][  0]LogSlate: Could not find file for Slate resource: ../../../Engine/Content/Editor/Slate/Common/Selection_16x.png
[2016.04.21-18.47.03:369][  0]LogUdpMessaging: Initializing bridge on interface 0.0.0.0:0 to multicast group 230.0.0.1:6666.
[2016.04.21-18.47.03:486][  0]LogAssetRegistry: FAssetRegistry took 0.0222 seconds to start up
[2016.04.21-18.47.03:754][  0]SourceControl: Info Source control is disabled
[2016.04.21-18.47.03:844][  0]SourceControl: Info Source control is disabled
[2016.04.21-18.47.03:866][  0]SourceControl: Info Source control is disabled
[2016.04.21-18.47.03:889][  0]SourceControl: Info Source control is disabled
[2016.04.21-18.47.04:328][  0]LogEngine: Initializing Engine...
[2016.04.21-18.47.04:330][  0]LogHMD: SteamVR failed to initialize.  Err: 110
[2016.04.21-18.47.04:566][  0]LogAIModule: Creating AISystem for world NewWorld
[2016.04.21-18.47.04:572][  0]LogInit: XAudio2 using 'Speakers (Conexant SmartAudio HD)' : 2 channels at 48 kHz using 32 bits per sample (channel mask 0x3)
[2016.04.21-18.47.04:667][  0]LogInit: FAudioDevice initialized.
[2016.04.21-18.47.04:699][  0]LogDerivedDataCache: Saved boot cache 0.03s 46MB C:/Users/Keith/AppData/Local/UnrealEngine/4.11/DerivedDataCache/Boot.ddc.
[2016.04.21-18.47.04:705][  0]LogInit: Texture streaming: Enabled
[2016.04.21-18.47.04:760][  0]LogInit: Transaction tracking system initialized
[2016.04.21-18.47.04:824][  0]BlueprintLog: New page: Editor Load
[2016.04.21-18.47.05:233][  0]LocalizationService: Info Localization service is disabled
[2016.04.21-18.47.05:643][  0]LogConsoleResponse:Display: 
[2016.04.21-18.47.05:816][  0]LogCook:Display: Max memory allowance for cook 8192mb
[2016.04.21-18.47.05:816][  0]LogCook:Display: Mobile HDR setting 1
[2016.04.21-18.47.05:816][  0]LogCook:Display: Done creating registry. It took  0.00s.
[2016.04.21-18.47.05:838][  0]LogFileCache: Scanning file cache for directory 'C:/Users/Keith/Documents/Unreal Projects/TeamProject/TeamProject/Content/' took 0.01s
[2016.04.21-18.47.05:926][  0]SourceControl: Info Source control is disabled
[2016.04.21-18.47.05:927][  0]LogFactory: FactoryCreateBinary: PackFactory with PackFactory (0 0 C:/Program Files (x86)/Epic Games/4.11/FeaturePacks/StarterContent.upack)
[2016.04.21-18.47.05:934][  0]LogPackFactory: Finished extracting 8 files (including 0 errors).
[2016.04.21-18.47.05:936][  0]LogPackFactory: Copied "../../../Samples/StarterContent/Content/StarterContent/Architecture/Floor_400x400.uasset" to "../../../../../../Users/Keith/Documents/Unreal Projects/TeamProject/TeamProject/Content/StarterContent/Architecture/Floor_400x400.uasset"
[2016.04.21-18.47.05:938][  0]LogPackFactory: Copied "../../../Samples/StarterContent/Content/StarterContent/Architecture/Pillar_50x500.uasset" to "../../../../../../Users/Keith/Documents/Unreal Projects/TeamProject/TeamProject/Content/StarterContent/Architecture/Pillar_50x500.uasset"
[2016.04.21-18.47.05:941][  0]LogPackFactory: Copied "../../../Samples/StarterContent/Content/StarterContent/Architecture/SM_AssetPlatform.uasset" to "../../../../../../Users/Keith/Documents/Unreal Projects/TeamProject/TeamProject/Content/StarterContent/Architecture/SM_AssetPlatform.uasset"
[2016.04.21-18.47.05:943][  0]LogPackFactory: Copied "../../../Samples/StarterContent/Content/StarterContent/Architecture/Wall_400x200.uasset" to "../../../../../../Users/Keith/Documents/Unreal Projects/TeamProject/TeamProject/Content/StarterContent/Architecture/Wall_400x200.uasset"
[2016.04.21-18.47.05:945][  0]LogPackFactory: Copied "../../../Samples/StarterContent/Content/StarterContent/Architecture/Wall_400x300.uasset" to "../../../../../../Users/Keith/Documents/Unreal Projects/TeamProject/TeamProject/Content/StarterContent/Architecture/Wall_400x300.uasset"
[2016.04.21-18.47.05:947][  0]LogPackFactory: Copied "../../../Samples/StarterContent/Content/StarterContent/Architecture/Wall_400x400.uasset" to "../../../../../../Users/Keith/Documents/Unreal Projects/TeamProject/TeamProject/Content/StarterContent/Architecture/Wall_400x400.uasset"
[2016.04.21-18.47.05:950][  0]LogPackFactory: Copied "../../../Samples/StarterContent/Content/StarterContent/Architecture/Wall_500x500.uasset" to "../../../../../../Users/Keith/Documents/Unreal Projects/TeamProject/TeamProject/Content/StarterContent/Architecture/Wall_500x500.uasset"
[2016.04.21-18.47.05:952][  0]LogPackFactory: Copied "../../../Samples/StarterContent/Content/StarterContent/Architecture/Wall_Door_400x300.uasset" to "../../../../../../Users/Keith/Documents/Unreal Projects/TeamProject/TeamProject/Content/StarterContent/Architecture/Wall_Door_400x300.uasset"
[2016.04.21-18.47.05:954][  0]LogPackFactory: Copied "../../../Samples/StarterContent/Content/StarterContent/Architecture/Wall_Door_400x400.uasset" to "../../../../../../Users/Keith/Documents/Unreal Projects/TeamProject/TeamProject/Content/StarterContent/Architecture/Wall_Door_400x400.uasset"
[2016.04.21-18.47.05:956][  0]LogPackFactory: Copied "../../../Samples/StarterContent/Content/StarterContent/Architecture/Wall_Window_400x300.uasset" to "../../../../../../Users/Keith/Documents/Unreal Projects/TeamProject/TeamProject/Content/StarterContent/Architecture/Wall_Window_400x300.uasset"
[2016.04.21-18.47.05:958][  0]LogPackFactory: Copied "../../../Samples/StarterContent/Content/StarterContent/Architecture/Wall_Window_400x400.uasset" to "../../../../../../Users/Keith/Documents/Unreal Projects/TeamProject/TeamProject/Content/StarterContent/Architecture/Wall_Window_400x400.uasset"
[2016.04.21-18.47.05:961][  0]LogPackFactory: Copied "../../../Samples/StarterContent/Content/StarterContent/Audio/Collapse01.uasset" to "../../../../../../Users/Keith/Documents/Unreal Projects/TeamProject/TeamProject/Content/StarterContent/Audio/Collapse01.uasset"
[2016.04.21-18.47.05:964][  0]LogPackFactory: Copied "../../../Samples/StarterContent/Content/StarterContent/Audio/Collapse02.uasset" to "../../../../../../Users/Keith/Documents/Unreal Projects/TeamProject/TeamProject/Content/StarterContent/Audio/Collapse02.uasset"
[2016.04.21-18.47.05:966][  0]LogPackFactory: Copied "../../../Samples/StarterContent/Content/StarterContent/Audio/Collapse_Cue.uasset" to "../../../../../../Users/Keith/Documents/Unreal Projects/TeamProject/TeamProject/Content/StarterContent/Audio/Collapse_Cue.uasset"
[2016.04.21-18.47.05:969][  0]LogPackFactory: Copied "../../../Samples/StarterContent/Content/StarterContent/Audio/Explosion01.uasset" to "../../../../../../Users/Keith/Documents/Unreal Projects/TeamProject/TeamProject/Content/StarterContent/Audio/Explosion01.uasset"
[2016.04.21-18.47.05:972][  0]LogPackFactory: Copied "../../../Samples/StarterContent/Content/StarterContent/Audio/Explosion02.uasset" to "../../../../../../Users/Keith/Documents/Unreal Projects/TeamProject/TeamProject/Content/StarterContent/Audio/Explosion02.uasset"
[2016.04.21-18.47.05:974][  0]LogPackFactory: Copied "../../../Samples/StarterContent/Content/StarterContent/Audio/Explosion_Cue.uasset" to "../../../../../../Users/Keith/Documents/Unreal Projects/TeamProject/TeamProject/Content/StarterContent/Audio/Explosion_Cue.uasset"
[2016.04.21-18.47.05:976][  0]LogPackFactory: Copied "../../../Samples/StarterContent/Content/StarterContent/Audio/Fire01.uasset" to "../../../../../../Users/Keith/Documents/Unreal Projects/TeamProject/TeamProject/Content/StarterContent/Audio/Fire01.uasset"
[2016.04.21-18.47.05:978][  0]LogPackFactory: Copied "../../../Samples/StarterContent/Content/StarterContent/Audio/Fire01_Cue.uasset" to "../../../../../../Users/Keith/Documents/Unreal Projects/TeamProject/TeamProject/Content/StarterContent/Audio/Fire01_Cue.uasset"
[2016.04.21-18.47.05:993][  0]LogPackFactory: Copied "../../../Samples/StarterContent/Content/StarterContent/Audio/Fire_Sparks01.uasset" to "../../../../../../Users/Keith/Documents/Unreal Projects/TeamProject/TeamProject/Content/StarterContent/Audio/Fire_Sparks01.uasset"
[2016.04.21-18.47.05:995][  0]LogPackFactory: Copied "../../../Samples/StarterContent/Content/StarterContent/Audio/Fire_Sparks01_Cue.uasset" to "../../../../../../Users/Keith/Documents/Unreal Projects/TeamProject/TeamProject/Content/StarterContent/Audio/Fire_Sparks01_Cue.uasset"
[2016.04.21-18.47.05:996][  0]LogPackFactory: Copied "../../../Samples/StarterContent/Content/StarterContent/Audio/Light01.uasset" to "../../../../../../Users/Keith/Documents/Unreal Projects/TeamProject/TeamProject/Content/StarterContent/Audio/Light01.uasset"
[2016.04.21-18.47.05:999][  0]LogPackFactory: Copied "../../../Samples/StarterContent/Content/StarterContent/Audio/Light01_Cue.uasset" to "../../../../../../Users/Keith/Documents/Unreal Projects/TeamProject/TeamProject/Content/StarterContent/Audio/Light01_Cue.uasset"
[2016.04.21-18.47.06:001][  0]LogPackFactory: Copied "../../../Samples/StarterContent/Content/StarterContent/Audio/Light02.uasset" to "../../../../../../Users/Keith/Documents/Unreal Projects/TeamProject/TeamProject/Content/StarterContent/Audio/Light02.uasset"
[2016.04.21-18.47.06:003][  0]LogPackFactory: Copied "../../../Samples/StarterContent/Content/StarterContent/Audio/Light02_Cue.uasset" to "../../../../../../Users/Keith/Documents/Unreal Projects/TeamProject/TeamProject/Content/StarterContent/Audio/Light02_Cue.uasset"
[2016.04.21-18.47.06:006][  0]LogPackFactory: Copied "../../../Samples/StarterContent/Content/StarterContent/Audio/Smoke01.uasset" to "../../../../../../Users/Keith/Documents/Unreal Projects/TeamProject/TeamProject/Content/StarterContent/Audio/Smoke01.uasset"
[2016.04.21-18.47.06:008][  0]LogPackFactory: Copied "../../../Samples/StarterContent/Content/StarterContent/Audio/Smoke01_Cue.uasset" to "../../../../../../Users/Keith/Documents/Unreal Projects/TeamProject/TeamProject/Content/StarterContent/Audio/Smoke01_Cue.uasset"
[2016.04.21-18.47.06:010][  0]LogPackFactory: Copied "../../../Samples/StarterContent/Content/StarterContent/Audio/Starter_Background_Cue.uasset" to "../../../../../../Users/Keith/Documents/Unreal Projects/TeamProject/TeamProject/Content/StarterContent/Audio/Starter_Background_Cue.uasset"
[2016.04.21-18.47.06:022][  0]LogPackFactory: Copied "../../../Samples/StarterContent/Content/StarterContent/Audio/Starter_Birds01.uasset" to "../../../../../../Users/Keith/Documents/Unreal Projects/TeamProject/TeamProject/Content/StarterContent/Audio/Starter_Birds01.uasset"
[2016.04.21-18.47.06:032][  0]LogPackFactory: Copied "../../../Samples/StarterContent/Content/StarterContent/Audio/Starter_Music01.uasset" to "../../../../../../Users/Keith/Documents/Unreal Projects/TeamProject/TeamProject/Content/StarterContent/Audio/Starter_Music01.uasset"
[2016.04.21-18.47.06:035][  0]LogPackFactory: Copied "../../../Samples/StarterContent/Content/StarterContent/Audio/Starter_Music_Cue.uasset" to "../../../../../../Users/Keith/Documents/Unreal Projects/TeamProject/TeamProject/Content/StarterContent/Audio/Starter_Music_Cue.uasset"
[2016.04.21-18.47.06:166][  0]LogPackFactory: Copied "../../../Samples/StarterContent/Content/StarterContent/Audio/Starter_Wind05.uasset" to "../../../../../../Users/Keith/Documents/Unreal Projects/TeamProject/TeamProject/Content/StarterContent/Audio/Starter_Wind05.uasset"
[2016.04.21-18.47.06:170][  0]LogPackFactory: Copied "../../../Samples/StarterContent/Content/StarterContent/Audio/Starter_Wind06.uasset" to "../../../../../../Users/Keith/Documents/Unreal Projects/TeamProject/TeamProject/Content/StarterContent/Audio/Starter_Wind06.uasset"
[2016.04.21-18.47.06:173][  0]LogPackFactory: Copied "../../../Samples/StarterContent/Content/StarterContent/Audio/Steam01.uasset" to "../../../../../../Users/Keith/Documents/Unreal Projects/TeamProject/TeamProject/Content/StarterContent/Audio/Steam01.uasset"
[2016.04.21-18.47.06:175][  0]LogPackFactory: Copied "../../../Samples/StarterContent/Content/StarterContent/Audio/Steam01_Cue.uasset" to "../../../../../../Users/Keith/Documents/Unreal Projects/TeamProject/TeamProject/Content/StarterContent/Audio/Steam01_Cue.uasset"
[2016.04.21-18.47.06:178][  0]LogPackFactory: Copied "../../../Samples/StarterContent/Content/StarterContent/Blueprints/Blueprint_CeilingLight.uasset" to "../../../../../../Users/Keith/Documents/Unreal Projects/TeamProject/TeamProject/Content/StarterContent/Blueprints/Blueprint_CeilingLight.uasset"
[2016.04.21-18.47.06:180][  0]LogPackFactory: Copied "../../../Samples/StarterContent/Content/StarterContent/Blueprints/Blueprint_Effect_Explosion.uasset" to "../../../../../../Users/Keith/Documents/Unreal Projects/TeamProject/TeamProject/Content/StarterContent/Blueprints/Blueprint_Effect_Explosion.uasset"
[2016.04.21-18.47.06:182][  0]LogPackFactory: Copied "../../../Samples/StarterContent/Content/StarterContent/Blueprints/Blueprint_Effect_Fire.uasset" to "../../../../../../Users/Keith/Documents/Unreal Projects/TeamProject/TeamProject/Content/StarterContent/Blueprints/Blueprint_Effect_Fire.uasset"
[2016.04.21-18.47.06:184][  0]LogPackFactory: Copied "../../../Samples/StarterContent/Content/StarterContent/Blueprints/Blueprint_Effect_Smoke.uasset" to "../../../../../../Users/Keith/Documents/Unreal Projects/TeamProject/TeamProject/Content/StarterContent/Blueprints/Blueprint_Effect_Smoke.uasset"
[2016.04.21-18.47.06:186][  0]LogPackFactory: Copied "../../../Samples/StarterContent/Content/StarterContent/Blueprints/Blueprint_Effect_Sparks.uasset" to "../../../../../../Users/Keith/Documents/Unreal Projects/TeamProject/TeamProject/Content/StarterContent/Blueprints/Blueprint_Effect_Sparks.uasset"
[2016.04.21-18.47.06:188][  0]LogPackFactory: Copied "../../../Samples/StarterContent/Content/StarterContent/Blueprints/Blueprint_Effect_Steam.uasset" to "../../../../../../Users/Keith/Documents/Unreal Projects/TeamProject/TeamProject/Content/StarterContent/Blueprints/Blueprint_Effect_Steam.uasset"
[2016.04.21-18.47.06:191][  0]LogPackFactory: Copied "../../../Samples/StarterContent/Content/StarterContent/Blueprints/Blueprint_WallSconce.uasset" to "../../../../../../Users/Keith/Documents/Unreal Projects/TeamProject/TeamProject/Content/StarterContent/Blueprints/Blueprint_WallSconce.uasset"
[2016.04.21-18.47.06:193][  0]LogPackFactory: Copied "../../../Samples/StarterContent/Content/StarterContent/Blueprints/BP_LightStudio.uasset" to "../../../../../../Users/Keith/Documents/Unreal Projects/TeamProject/TeamProject/Content/StarterContent/Blueprints/BP_LightStudio.uasset"
[2016.04.21-18.47.06:196][  0]LogPackFactory: Copied "../../../Samples/StarterContent/Content/StarterContent/Blueprints/Assets/FogBrightnessLUT.uasset" to "../../../../../../Users/Keith/Documents/Unreal Projects/TeamProject/TeamProject/Content/StarterContent/Blueprints/Assets/FogBrightnessLUT.uasset"
[2016.04.21-18.47.06:198][  0]LogPackFactory: Copied "../../../Samples/StarterContent/Content/StarterContent/Blueprints/Assets/M_LightStage_Arrows.uasset" to "../../../../../../Users/Keith/Documents/Unreal Projects/TeamProject/TeamProject/Content/StarterContent/Blueprints/Assets/M_LightStage_Arrows.uasset"
[2016.04.21-18.47.06:201][  0]LogPackFactory: Copied "../../../Samples/StarterContent/Content/StarterContent/Blueprints/Assets/M_LightStage_Skybox_Black.uasset" to "../../../../../../Users/Keith/Documents/Unreal Projects/TeamProject/TeamProject/Content/StarterContent/Blueprints/Assets/M_LightStage_Skybox_Black.uasset"
[2016.04.21-18.47.06:203][  0]LogPackFactory: Copied "../../../Samples/StarterContent/Content/StarterContent/Blueprints/Assets/M_LightStage_Skybox_HDRI.uasset" to "../../../../../../Users/Keith/Documents/Unreal Projects/TeamProject/TeamProject/Content/StarterContent/Blueprints/Assets/M_LightStage_Skybox_HDRI.uasset"
[2016.04.21-18.47.06:205][  0]LogPackFactory: Copied "../../../Samples/StarterContent/Content/StarterContent/Blueprints/Assets/M_LightStage_Skybox_Master.uasset" to "../../../../../../Users/Keith/Documents/Unreal Projects/TeamProject/TeamProject/Content/StarterContent/Blueprints/Assets/M_LightStage_Skybox_Master.uasset"
[2016.04.21-18.47.06:208][  0]LogPackFactory: Copied "../../../Samples/StarterContent/Content/StarterContent/Blueprints/Assets/Skybox.uasset" to "../../../../../../Users/Keith/Documents/Unreal Projects/TeamProject/TeamProject/Content/StarterContent/Blueprints/Assets/Skybox.uasset"
[2016.04.21-18.47.06:210][  0]LogPackFactory: Copied "../../../Samples/StarterContent/Content/StarterContent/Blueprints/Assets/SM_Arrows.uasset" to "../../../../../../Users/Keith/Documents/Unreal Projects/TeamProject/TeamProject/Content/StarterContent/Blueprints/Assets/SM_Arrows.uasset"
[2016.04.21-18.47.06:212][  0]LogPackFactory: Copied "../../../Samples/StarterContent/Content/StarterContent/Blueprints/Assets/SunlightColorLUT.uasset" to "../../../../../../Users/Keith/Documents/Unreal Projects/TeamProject/TeamProject/Content/StarterContent/Blueprints/Assets/SunlightColorLUT.uasset"
[2016.04.21-18.47.07:673][  0]LogPackFactory: Copied "../../../Samples/StarterContent/Content/StarterContent/HDRI/HDRI_Epic_Courtyard_Daylight.uasset" to "../../../../../../Users/Keith/Documents/Unreal Projects/TeamProject/TeamProject/Content/StarterContent/HDRI/HDRI_Epic_Courtyard_Daylight.uasset"
[2016.04.21-18.47.07:675][  0]LogPackFactory: Copied "../../../Samples/StarterContent/Content/StarterContent/Maps/Advanced_Lighting.umap" to "../../../../../../Users/Keith/Documents/Unreal Projects/TeamProject/TeamProject/Content/StarterContent/Maps/Advanced_Lighting.umap"
[2016.04.21-18.47.07:680][  0]LogPackFactory: Copied "../../../Samples/StarterContent/Content/StarterContent/Maps/Minimal_Default.umap" to "../../../../../../Users/Keith/Documents/Unreal Projects/TeamProject/TeamProject/Content/StarterContent/Maps/Minimal_Default.umap"
[2016.04.21-18.47.07:695][  0]LogPackFactory: Copied "../../../Samples/StarterContent/Content/StarterContent/Maps/StarterMap.umap" to "../../../../../../Users/Keith/Documents/Unreal Projects/TeamProject/TeamProject/Content/StarterContent/Maps/StarterMap.umap"
[2016.04.21-18.47.07:697][  0]LogPackFactory: Copied "../../../Samples/StarterContent/Content/StarterContent/Materials/M_AssetPlatform.uasset" to "../../../../../../Users/Keith/Documents/Unreal Projects/TeamProject/TeamProject/Content/StarterContent/Materials/M_AssetPlatform.uasset"
[2016.04.21-18.47.07:699][  0]LogPackFactory: Copied "../../../Samples/StarterContent/Content/StarterContent/Materials/M_Basic_Floor.uasset" to "../../../../../../Users/Keith/Documents/Unreal Projects/TeamProject/TeamProject/Content/StarterContent/Materials/M_Basic_Floor.uasset"
[2016.04.21-18.47.07:818][  0]LogPackFactory: Copied "../../../Samples/StarterContent/Content/StarterContent/Materials/M_Basic_Wall.uasset" to "../../../../../../Users/Keith/Documents/Unreal Projects/TeamProject/TeamProject/Content/StarterContent/Materials/M_Basic_Wall.uasset"
[2016.04.21-18.47.07:821][  0]LogPackFactory: Copied "../../../Samples/StarterContent/Content/StarterContent/Materials/M_Brick_Clay_Beveled.uasset" to "../../../../../../Users/Keith/Documents/Unreal Projects/TeamProject/TeamProject/Content/StarterContent/Materials/M_Brick_Clay_Beveled.uasset"
[2016.04.21-18.47.07:825][  0]LogPackFactory: Copied "../../../Samples/StarterContent/Content/StarterContent/Materials/M_Brick_Clay_New.uasset" to "../../../../../../Users/Keith/Documents/Unreal Projects/TeamProject/TeamProject/Content/StarterContent/Materials/M_Brick_Clay_New.uasset"
[2016.04.21-18.47.07:827][  0]LogPackFactory: Copied "../../../Samples/StarterContent/Content/StarterContent/Materials/M_Brick_Clay_Old.uasset" to "../../../../../../Users/Keith/Documents/Unreal Projects/TeamProject/TeamProject/Content/StarterContent/Materials/M_Brick_Clay_Old.uasset"
[2016.04.21-18.47.07:839][  0]LogPackFactory: Copied "../../../Samples/StarterContent/Content/StarterContent/Materials/M_Brick_Cut_Stone.uasset" to "../../../../../../Users/Keith/Documents/Unreal Projects/TeamProject/TeamProject/Content/StarterContent/Materials/M_Brick_Cut_Stone.uasset"
[2016.04.21-18.47.07:841][  0]LogPackFactory: Copied "../../../Samples/StarterContent/Content/StarterContent/Materials/M_Brick_Hewn_Stone.uasset" to "../../../../../../Users/Keith/Documents/Unreal Projects/TeamProject/TeamProject/Content/StarterContent/Materials/M_Brick_Hewn_Stone.uasset"
[2016.04.21-18.47.07:843][  0]LogPackFactory: Copied "../../../Samples/StarterContent/Content/StarterContent/Materials/M_Ceramic_Tile_Checker.uasset" to "../../../../../../Users/Keith/Documents/Unreal Projects/TeamProject/TeamProject/Content/StarterContent/Materials/M_Ceramic_Tile_Checker.uasset"
[2016.04.21-18.47.07:845][  0]LogPackFactory: Copied "../../../Samples/StarterContent/Content/StarterContent/Materials/M_CobbleStone_Pebble.uasset" to "../../../../../../Users/Keith/Documents/Unreal Projects/TeamProject/TeamProject/Content/StarterContent/Materials/M_CobbleStone_Pebble.uasset"
[2016.04.21-18.47.07:847][  0]LogPackFactory: Copied "../../../Samples/StarterContent/Content/StarterContent/Materials/M_CobbleStone_Rough.uasset" to "../../../../../../Users/Keith/Documents/Unreal Projects/TeamProject/TeamProject/Content/StarterContent/Materials/M_CobbleStone_Rough.uasset"
[2016.04.21-18.47.07:850][  0]LogPackFactory: Copied "../../../Samples/StarterContent/Content/StarterContent/Materials/M_CobbleStone_Smooth.uasset" to "../../../../../../Users/Keith/Documents/Unreal Projects/TeamProject/TeamProject/Content/StarterContent/Materials/M_CobbleStone_Smooth.uasset"
[2016.04.21-18.47.07:852][  0]LogPackFactory: Copied "../../../Samples/StarterContent/Content/StarterContent/Materials/M_ColorGrid_LowSpec.uasset" to "../../../../../../Users/Keith/Documents/Unreal Projects/TeamProject/TeamProject/Content/StarterContent/Materials/M_ColorGrid_LowSpec.uasset"
[2016.04.21-18.47.07:854][  0]LogPackFactory: Copied "../../../Samples/StarterContent/Content/StarterContent/Materials/M_Concrete_Grime.uasset" to "../../../../../../Users/Keith/Documents/Unreal Projects/TeamProject/TeamProject/Content/StarterContent/Materials/M_Concrete_Grime.uasset"
[2016.04.21-18.47.07:856][  0]LogPackFactory: Copied "../../../Samples/StarterContent/Content/StarterContent/Materials/M_Concrete_Panels.uasset" to "../../../../../../Users/Keith/Documents/Unreal Projects/TeamProject/TeamProject/Content/StarterContent/Materials/M_Concrete_Panels.uasset"
[2016.04.21-18.47.07:858][  0]LogPackFactory: Copied "../../../Samples/StarterContent/Content/StarterContent/Materials/M_Concrete_Poured.uasset" to "../../../../../../Users/Keith/Documents/Unreal Projects/TeamProject/TeamProject/Content/StarterContent/Materials/M_Concrete_Poured.uasset"
[2016.04.21-18.47.07:866][  0]LogPackFactory: Copied "../../../Samples/StarterContent/Content/StarterContent/Materials/M_Concrete_Tiles.uasset" to "../../../../../../Users/Keith/Documents/Unreal Projects/TeamProject/TeamProject/Content/StarterContent/Materials/M_Concrete_Tiles.uasset"
[2016.04.21-18.47.07:868][  0]LogPackFactory: Copied "../../../Samples/StarterContent/Content/StarterContent/Materials/M_Glass.uasset" to "../../../../../../Users/Keith/Documents/Unreal Projects/TeamProject/TeamProject/Content/StarterContent/Materials/M_Glass.uasset"
[2016.04.21-18.47.07:871][  0]LogPackFactory: Copied "../../../Samples/StarterContent/Content/StarterContent/Materials/M_Ground_Grass.uasset" to "../../../../../../Users/Keith/Documents/Unreal Projects/TeamProject/TeamProject/Content/StarterContent/Materials/M_Ground_Grass.uasset"
[2016.04.21-18.47.07:873][  0]LogPackFactory: Copied "../../../Samples/StarterContent/Content/StarterContent/Materials/M_Ground_Gravel.uasset" to "../../../../../../Users/Keith/Documents/Unreal Projects/TeamProject/TeamProject/Content/StarterContent/Materials/M_Ground_Gravel.uasset"
[2016.04.21-18.47.07:875][  0]LogPackFactory: Copied "../../../Samples/StarterContent/Content/StarterContent/Materials/M_Ground_Moss.uasset" to "../../../../../../Users/Keith/Documents/Unreal Projects/TeamProject/TeamProject/Content/StarterContent/Materials/M_Ground_Moss.uasset"
[2016.04.21-18.47.07:878][  0]LogPackFactory: Copied "../../../Samples/StarterContent/Content/StarterContent/Materials/M_Metal_Brushed_Nickel.uasset" to "../../../../../../Users/Keith/Documents/Unreal Projects/TeamProject/TeamProject/Content/StarterContent/Materials/M_Metal_Brushed_Nickel.uasset"
[2016.04.21-18.47.07:881][  0]LogPackFactory: Copied "../../../Samples/StarterContent/Content/StarterContent/Materials/M_Metal_Burnished_Steel.uasset" to "../../../../../../Users/Keith/Documents/Unreal Projects/TeamProject/TeamProject/Content/StarterContent/Materials/M_Metal_Burnished_Steel.uasset"
[2016.04.21-18.47.07:884][  0]LogPackFactory: Copied "../../../Samples/StarterContent/Content/StarterContent/Materials/M_Metal_Chrome.uasset" to "../../../../../../Users/Keith/Documents/Unreal Projects/TeamProject/TeamProject/Content/StarterContent/Materials/M_Metal_Chrome.uasset"
[2016.04.21-18.47.07:888][  0]LogPackFactory: Copied "../../../Samples/StarterContent/Content/StarterContent/Materials/M_Metal_Copper.uasset" to "../../../../../../Users/Keith/Documents/Unreal Projects/TeamProject/TeamProject/Content/StarterContent/Materials/M_Metal_Copper.uasset"
[2016.04.21-18.47.07:891][  0]LogPackFactory: Copied "../../../Samples/StarterContent/Content/StarterContent/Materials/M_Metal_Gold.uasset" to "../../../../../../Users/Keith/Documents/Unreal Projects/TeamProject/TeamProject/Content/StarterContent/Materials/M_Metal_Gold.uasset"
[2016.04.21-18.47.07:894][  0]LogPackFactory: Copied "../../../Samples/StarterContent/Content/StarterContent/Materials/M_Metal_Rust.uasset" to "../../../../../../Users/Keith/Documents/Unreal Projects/TeamProject/TeamProject/Content/StarterContent/Materials/M_Metal_Rust.uasset"
[2016.04.21-18.47.07:896][  0]LogPackFactory: Copied "../../../Samples/StarterContent/Content/StarterContent/Materials/M_Metal_Steel.uasset" to "../../../../../../Users/Keith/Documents/Unreal Projects/TeamProject/TeamProject/Content/StarterContent/Materials/M_Metal_Steel.uasset"
[2016.04.21-18.47.07:899][  0]LogPackFactory: Copied "../../../Samples/StarterContent/Content/StarterContent/Materials/M_Rock_Basalt.uasset" to "../../../../../../Users/Keith/Documents/Unreal Projects/TeamProject/TeamProject/Content/StarterContent/Materials/M_Rock_Basalt.uasset"
[2016.04.21-18.47.07:901][  0]LogPackFactory: Copied "../../../Samples/StarterContent/Content/StarterContent/Materials/M_Rock_Marble_Polished.uasset" to "../../../../../../Users/Keith/Documents/Unreal Projects/TeamProject/TeamProject/Content/StarterContent/Materials/M_Rock_Marble_Polished.uasset"
[2016.04.21-18.47.07:903][  0]LogPackFactory: Copied "../../../Samples/StarterContent/Content/StarterContent/Materials/M_Rock_Sandstone.uasset" to "../../../../../../Users/Keith/Documents/Unreal Projects/TeamProject/TeamProject/Content/StarterContent/Materials/M_Rock_Sandstone.uasset"
[2016.04.21-18.47.07:906][  0]LogPackFactory: Copied "../../../Samples/StarterContent/Content/StarterContent/Materials/M_Rock_Slate.uasset" to "../../../../../../Users/Keith/Documents/Unreal Projects/TeamProject/TeamProject/Content/StarterContent/Materials/M_Rock_Slate.uasset"
[2016.04.21-18.47.07:909][  0]LogPackFactory: Copied "../../../Samples/StarterContent/Content/StarterContent/Materials/M_Tech_Checker_Dot.uasset" to "../../../../../../Users/Keith/Documents/Unreal Projects/TeamProject/TeamProject/Content/StarterContent/Materials/M_Tech_Checker_Dot.uasset"
[2016.04.21-18.47.07:911][  0]LogPackFactory: Copied "../../../Samples/StarterContent/Content/StarterContent/Materials/M_Tech_Hex_Tile.uasset" to "../../../../../../Users/Keith/Documents/Unreal Projects/TeamProject/TeamProject/Content/StarterContent/Materials/M_Tech_Hex_Tile.uasset"
[2016.04.21-18.47.08:191][  0]LogPackFactory: Copied "../../../Samples/StarterContent/Content/StarterContent/Materials/M_Tech_Hex_Tile_Pulse.uasset" to "../../../../../../Users/Keith/Documents/Unreal Projects/TeamProject/TeamProject/Content/StarterContent/Materials/M_Tech_Hex_Tile_Pulse.uasset"
[2016.04.21-18.47.08:193][  0]LogPackFactory: Copied "../../../Samples/StarterContent/Content/StarterContent/Materials/M_Tech_Panel.uasset" to "../../../../../../Users/Keith/Documents/Unreal Projects/TeamProject/TeamProject/Content/StarterContent/Materials/M_Tech_Panel.uasset"
[2016.04.21-18.47.08:195][  0]LogPackFactory: Copied "../../../Samples/StarterContent/Content/StarterContent/Materials/M_Water_Lake.uasset" to "../../../../../../Users/Keith/Documents/Unreal Projects/TeamProject/TeamProject/Content/StarterContent/Materials/M_Water_Lake.uasset"
[2016.04.21-18.47.08:197][  0]LogPackFactory: Copied "../../../Samples/StarterContent/Content/StarterContent/Materials/M_Water_Ocean.uasset" to "../../../../../../Users/Keith/Documents/Unreal Projects/TeamProject/TeamProject/Content/StarterContent/Materials/M_Water_Ocean.uasset"
[2016.04.21-18.47.08:199][  0]LogPackFactory: Copied "../../../Samples/StarterContent/Content/StarterContent/Materials/M_Wood_Floor_Walnut_Polished.uasset" to "../../../../../../Users/Keith/Documents/Unreal Projects/TeamProject/TeamProject/Content/StarterContent/Materials/M_Wood_Floor_Walnut_Polished.uasset"
[2016.04.21-18.47.08:202][  0]LogPackFactory: Copied "../../../Samples/StarterContent/Content/StarterContent/Materials/M_Wood_Floor_Walnut_Worn.uasset" to "../../../../../../Users/Keith/Documents/Unreal Projects/TeamProject/TeamProject/Content/StarterContent/Materials/M_Wood_Floor_Walnut_Worn.uasset"
[2016.04.21-18.47.08:204][  0]LogPackFactory: Copied "../../../Samples/StarterContent/Content/StarterContent/Materials/M_Wood_Oak.uasset" to "../../../../../../Users/Keith/Documents/Unreal Projects/TeamProject/TeamProject/Content/StarterContent/Materials/M_Wood_Oak.uasset"
[2016.04.21-18.47.08:206][  0]LogPackFactory: Copied "../../../Samples/StarterContent/Content/StarterContent/Materials/M_Wood_Pine.uasset" to "../../../../../../Users/Keith/Documents/Unreal Projects/TeamProject/TeamProject/Content/StarterContent/Materials/M_Wood_Pine.uasset"
[2016.04.21-18.47.08:208][  0]LogPackFactory: Copied "../../../Samples/StarterContent/Content/StarterContent/Materials/M_Wood_Walnut.uasset" to "../../../../../../Users/Keith/Documents/Unreal Projects/TeamProject/TeamProject/Content/StarterContent/Materials/M_Wood_Walnut.uasset"
[2016.04.21-18.47.08:210][  0]LogPackFactory: Copied "../../../Samples/StarterContent/Content/StarterContent/Particles/P_Ambient_Dust.uasset" to "../../../../../../Users/Keith/Documents/Unreal Projects/TeamProject/TeamProject/Content/StarterContent/Particles/P_Ambient_Dust.uasset"
[2016.04.21-18.47.08:212][  0]LogPackFactory: Copied "../../../Samples/StarterContent/Content/StarterContent/Particles/P_Explosion.uasset" to "../../../../../../Users/Keith/Documents/Unreal Projects/TeamProject/TeamProject/Content/StarterContent/Particles/P_Explosion.uasset"
[2016.04.21-18.47.08:346][  0]LogPackFactory: Copied "../../../Samples/StarterContent/Content/StarterContent/Particles/P_Fire.uasset" to "../../../../../../Users/Keith/Documents/Unreal Projects/TeamProject/TeamProject/Content/StarterContent/Particles/P_Fire.uasset"
[2016.04.21-18.47.08:349][  0]LogPackFactory: Copied "../../../Samples/StarterContent/Content/StarterContent/Particles/P_Smoke.uasset" to "../../../../../../Users/Keith/Documents/Unreal Projects/TeamProject/TeamProject/Content/StarterContent/Particles/P_Smoke.uasset"
[2016.04.21-18.47.08:353][  0]LogPackFactory: Copied "../../../Samples/StarterContent/Content/StarterContent/Particles/P_Sparks.uasset" to "../../../../../../Users/Keith/Documents/Unreal Projects/TeamProject/TeamProject/Content/StarterContent/Particles/P_Sparks.uasset"
[2016.04.21-18.47.08:356][  0]LogPackFactory: Copied "../../../Samples/StarterContent/Content/StarterContent/Particles/P_Steam_Lit.uasset" to "../../../../../../Users/Keith/Documents/Unreal Projects/TeamProject/TeamProject/Content/StarterContent/Particles/P_Steam_Lit.uasset"
[2016.04.21-18.47.08:359][  0]LogPackFactory: Copied "../../../Samples/StarterContent/Content/StarterContent/Particles/Materials/M_Burst.uasset" to "../../../../../../Users/Keith/Documents/Unreal Projects/TeamProject/TeamProject/Content/StarterContent/Particles/Materials/M_Burst.uasset"
[2016.04.21-18.47.08:361][  0]LogPackFactory: Copied "../../../Samples/StarterContent/Content/StarterContent/Particles/Materials/M_Dust_Particle.uasset" to "../../../../../../Users/Keith/Documents/Unreal Projects/TeamProject/TeamProject/Content/StarterContent/Particles/Materials/M_Dust_Particle.uasset"
[2016.04.21-18.47.08:480][  0]LogPackFactory: Copied "../../../Samples/StarterContent/Content/StarterContent/Particles/Materials/M_explosion_subUV.uasset" to "../../../../../../Users/Keith/Documents/Unreal Projects/TeamProject/TeamProject/Content/StarterContent/Particles/Materials/M_explosion_subUV.uasset"
[2016.04.21-18.47.08:483][  0]LogPackFactory: Copied "../../../Samples/StarterContent/Content/StarterContent/Particles/Materials/M_Fire_SubUV.uasset" to "../../../../../../Users/Keith/Documents/Unreal Projects/TeamProject/TeamProject/Content/StarterContent/Particles/Materials/M_Fire_SubUV.uasset"
[2016.04.21-18.47.08:486][  0]LogPackFactory: Copied "../../../Samples/StarterContent/Content/StarterContent/Particles/Materials/m_flare_01.uasset" to "../../../../../../Users/Keith/Documents/Unreal Projects/TeamProject/TeamProject/Content/StarterContent/Particles/Materials/m_flare_01.uasset"
[2016.04.21-18.47.08:488][  0]LogPackFactory: Copied "../../../Samples/StarterContent/Content/StarterContent/Particles/Materials/M_Heat_Distortion.uasset" to "../../../../../../Users/Keith/Documents/Unreal Projects/TeamProject/TeamProject/Content/StarterContent/Particles/Materials/M_Heat_Distortion.uasset"
[2016.04.21-18.47.08:491][  0]LogPackFactory: Copied "../../../Samples/StarterContent/Content/StarterContent/Particles/Materials/M_Radial_Gradient.uasset" to "../../../../../../Users/Keith/Documents/Unreal Projects/TeamProject/TeamProject/Content/StarterContent/Particles/Materials/M_Radial_Gradient.uasset"
[2016.04.21-18.47.08:494][  0]LogPackFactory: Copied "../../../Samples/StarterContent/Content/StarterContent/Particles/Materials/M_radial_ramp.uasset" to "../../../../../../Users/Keith/Documents/Unreal Projects/TeamProject/TeamProject/Content/StarterContent/Particles/Materials/M_radial_ramp.uasset"
[2016.04.21-18.47.08:497][  0]LogPackFactory: Copied "../../../Samples/StarterContent/Content/StarterContent/Particles/Materials/M_smoke_subUV.uasset" to "../../../../../../Users/Keith/Documents/Unreal Projects/TeamProject/TeamProject/Content/StarterContent/Particles/Materials/M_smoke_subUV.uasset"
[2016.04.21-18.47.08:500][  0]LogPackFactory: Copied "../../../Samples/StarterContent/Content/StarterContent/Particles/Materials/M_Spark.uasset" to "../../../../../../Users/Keith/Documents/Unreal Projects/TeamProject/TeamProject/Content/StarterContent/Particles/Materials/M_Spark.uasset"
[2016.04.21-18.47.08:502][  0]LogPackFactory: Copied "../../../Samples/StarterContent/Content/StarterContent/Props/MaterialSphere.uasset" to "../../../../../../Users/Keith/Documents/Unreal Projects/TeamProject/TeamProject/Content/StarterContent/Props/MaterialSphere.uasset"
[2016.04.21-18.47.08:504][  0]LogPackFactory: Copied "../../../Samples/StarterContent/Content/StarterContent/Props/SM_Bush.uasset" to "../../../../../../Users/Keith/Documents/Unreal Projects/TeamProject/TeamProject/Content/StarterContent/Props/SM_Bush.uasset"
[2016.04.21-18.47.08:878][  0]LogPackFactory: Copied "../../../Samples/StarterContent/Content/StarterContent/Props/SM_Chair.uasset" to "../../../../../../Users/Keith/Documents/Unreal Projects/TeamProject/TeamProject/Content/StarterContent/Props/SM_Chair.uasset"
[2016.04.21-18.47.08:880][  0]LogPackFactory: Copied "../../../Samples/StarterContent/Content/StarterContent/Props/SM_CornerFrame.uasset" to "../../../../../../Users/Keith/Documents/Unreal Projects/TeamProject/TeamProject/Content/StarterContent/Props/SM_CornerFrame.uasset"
[2016.04.21-18.47.08:883][  0]LogPackFactory: Copied "../../../Samples/StarterContent/Content/StarterContent/Props/SM_Couch.uasset" to "../../../../../../Users/Keith/Documents/Unreal Projects/TeamProject/TeamProject/Content/StarterContent/Props/SM_Couch.uasset"
[2016.04.21-18.47.08:885][  0]LogPackFactory: Copied "../../../Samples/StarterContent/Content/StarterContent/Props/SM_Door.uasset" to "../../../../../../Users/Keith/Documents/Unreal Projects/TeamProject/TeamProject/Content/StarterContent/Props/SM_Door.uasset"
[2016.04.21-18.47.08:887][  0]LogPackFactory: Copied "../../../Samples/StarterContent/Content/StarterContent/Props/SM_DoorFrame.uasset" to "../../../../../../Users/Keith/Documents/Unreal Projects/TeamProject/TeamProject/Content/StarterContent/Props/SM_DoorFrame.uasset"
[2016.04.21-18.47.08:890][  0]LogPackFactory: Copied "../../../Samples/StarterContent/Content/StarterContent/Props/SM_GlassWindow.uasset" to "../../../../../../Users/Keith/Documents/Unreal Projects/TeamProject/TeamProject/Content/StarterContent/Props/SM_GlassWindow.uasset"
[2016.04.21-18.47.08:892][  0]LogPackFactory: Copied "../../../Samples/StarterContent/Content/StarterContent/Props/SM_Lamp_Ceiling.uasset" to "../../../../../../Users/Keith/Documents/Unreal Projects/TeamProject/TeamProject/Content/StarterContent/Props/SM_Lamp_Ceiling.uasset"
[2016.04.21-18.47.08:895][  0]LogPackFactory: Copied "../../../Samples/StarterContent/Content/StarterContent/Props/SM_Lamp_Wall.uasset" to "../../../../../../Users/Keith/Documents/Unreal Projects/TeamProject/TeamProject/Content/StarterContent/Props/SM_Lamp_Wall.uasset"
[2016.04.21-18.47.08:899][  0]LogPackFactory: Copied "../../../Samples/StarterContent/Content/StarterContent/Props/SM_MatPreviewMesh_02.uasset" to "../../../../../../Users/Keith/Documents/Unreal Projects/TeamProject/TeamProject/Content/StarterContent/Props/SM_MatPreviewMesh_02.uasset"
[2016.04.21-18.47.08:901][  0]LogPackFactory: Copied "../../../Samples/StarterContent/Content/StarterContent/Props/SM_PillarFrame.uasset" to "../../../../../../Users/Keith/Documents/Unreal Projects/TeamProject/TeamProject/Content/StarterContent/Props/SM_PillarFrame.uasset"
[2016.04.21-18.47.08:903][  0]LogPackFactory: Copied "../../../Samples/StarterContent/Content/StarterContent/Props/SM_PillarFrame300.uasset" to "../../../../../../Users/Keith/Documents/Unreal Projects/TeamProject/TeamProject/Content/StarterContent/Props/SM_PillarFrame300.uasset"
[2016.04.21-18.47.08:904][  0]LogPackFactory: Copied "../../../Samples/StarterContent/Content/StarterContent/Props/SM_Rock.uasset" to "../../../../../../Users/Keith/Documents/Unreal Projects/TeamProject/TeamProject/Content/StarterContent/Props/SM_Rock.uasset"
[2016.04.21-18.47.08:906][  0]LogPackFactory: Copied "../../../Samples/StarterContent/Content/StarterContent/Props/SM_Shelf.uasset" to "../../../../../../Users/Keith/Documents/Unreal Projects/TeamProject/TeamProject/Content/StarterContent/Props/SM_Shelf.uasset"
[2016.04.21-18.47.08:909][  0]LogPackFactory: Copied "../../../Samples/StarterContent/Content/StarterContent/Props/SM_Stairs.uasset" to "../../../../../../Users/Keith/Documents/Unreal Projects/TeamProject/TeamProject/Content/StarterContent/Props/SM_Stairs.uasset"
[2016.04.21-18.47.08:911][  0]LogPackFactory: Copied "../../../Samples/StarterContent/Content/StarterContent/Props/SM_Statue.uasset" to "../../../../../../Users/Keith/Documents/Unreal Projects/TeamProject/TeamProject/Content/StarterContent/Props/SM_Statue.uasset"
[2016.04.21-18.47.09:027][  0]LogPackFactory: Copied "../../../Samples/StarterContent/Content/StarterContent/Props/SM_TableRound.uasset" to "../../../../../../Users/Keith/Documents/Unreal Projects/TeamProject/TeamProject/Content/StarterContent/Props/SM_TableRound.uasset"
[2016.04.21-18.47.09:030][  0]LogPackFactory: Copied "../../../Samples/StarterContent/Content/StarterContent/Props/SM_WindowFrame.uasset" to "../../../../../../Users/Keith/Documents/Unreal Projects/TeamProject/TeamProject/Content/StarterContent/Props/SM_WindowFrame.uasset"
[2016.04.21-18.47.09:033][  0]LogPackFactory: Copied "../../../Samples/StarterContent/Content/StarterContent/Props/Materials/M_Bush.uasset" to "../../../../../../Users/Keith/Documents/Unreal Projects/TeamProject/TeamProject/Content/StarterContent/Props/Materials/M_Bush.uasset"
[2016.04.21-18.47.09:035][  0]LogPackFactory: Copied "../../../Samples/StarterContent/Content/StarterContent/Props/Materials/M_Chair.uasset" to "../../../../../../Users/Keith/Documents/Unreal Projects/TeamProject/TeamProject/Content/StarterContent/Props/Materials/M_Chair.uasset"
[2016.04.21-18.47.09:132][  0]LogPackFactory: Copied "../../../Samples/StarterContent/Content/StarterContent/Props/Materials/M_Door.uasset" to "../../../../../../Users/Keith/Documents/Unreal Projects/TeamProject/TeamProject/Content/StarterContent/Props/Materials/M_Door.uasset"
[2016.04.21-18.47.09:134][  0]LogPackFactory: Copied "../../../Samples/StarterContent/Content/StarterContent/Props/Materials/M_Frame.uasset" to "../../../../../../Users/Keith/Documents/Unreal Projects/TeamProject/TeamProject/Content/StarterContent/Props/Materials/M_Frame.uasset"
[2016.04.21-18.47.09:136][  0]LogPackFactory: Copied "../../../Samples/StarterContent/Content/StarterContent/Props/Materials/M_Lamp.uasset" to "../../../../../../Users/Keith/Documents/Unreal Projects/TeamProject/TeamProject/Content/StarterContent/Props/Materials/M_Lamp.uasset"
[2016.04.21-18.47.09:138][  0]LogPackFactory: Copied "../../../Samples/StarterContent/Content/StarterContent/Props/Materials/M_MaterialSphere.uasset" to "../../../../../../Users/Keith/Documents/Unreal Projects/TeamProject/TeamProject/Content/StarterContent/Props/Materials/M_MaterialSphere.uasset"
[2016.04.21-18.47.09:140][  0]LogPackFactory: Copied "../../../Samples/StarterContent/Content/StarterContent/Props/Materials/M_MaterialSphere_Plain.uasset" to "../../../../../../Users/Keith/Documents/Unreal Projects/TeamProject/TeamProject/Content/StarterContent/Props/Materials/M_MaterialSphere_Plain.uasset"
[2016.04.21-18.47.09:143][  0]LogPackFactory: Copied "../../../Samples/StarterContent/Content/StarterContent/Props/Materials/M_Rock.uasset" to "../../../../../../Users/Keith/Documents/Unreal Projects/TeamProject/TeamProject/Content/StarterContent/Props/Materials/M_Rock.uasset"
[2016.04.21-18.47.09:145][  0]LogPackFactory: Copied "../../../Samples/StarterContent/Content/StarterContent/Props/Materials/M_Shelf.uasset" to "../../../../../../Users/Keith/Documents/Unreal Projects/TeamProject/TeamProject/Content/StarterContent/Props/Materials/M_Shelf.uasset"
[2016.04.21-18.47.09:147][  0]LogPackFactory: Copied "../../../Samples/StarterContent/Content/StarterContent/Props/Materials/M_Statue.uasset" to "../../../../../../Users/Keith/Documents/Unreal Projects/TeamProject/TeamProject/Content/StarterContent/Props/Materials/M_Statue.uasset"
[2016.04.21-18.47.09:149][  0]LogPackFactory: Copied "../../../Samples/StarterContent/Content/StarterContent/Props/Materials/M_StatueGlass.uasset" to "../../../../../../Users/Keith/Documents/Unreal Projects/TeamProject/TeamProject/Content/StarterContent/Props/Materials/M_StatueGlass.uasset"
[2016.04.21-18.47.09:161][  0]LogPackFactory: Copied "../../../Samples/StarterContent/Content/StarterContent/Props/Materials/M_TableRound.uasset" to "../../../../../../Users/Keith/Documents/Unreal Projects/TeamProject/TeamProject/Content/StarterContent/Props/Materials/M_TableRound.uasset"
[2016.04.21-18.47.09:163][  0]LogPackFactory: Copied "../../../Samples/StarterContent/Content/StarterContent/Shapes/Shape_Cone.uasset" to "../../../../../../Users/Keith/Documents/Unreal Projects/TeamProject/TeamProject/Content/StarterContent/Shapes/Shape_Cone.uasset"
[2016.04.21-18.47.09:165][  0]LogPackFactory: Copied "../../../Samples/StarterContent/Content/StarterContent/Shapes/Shape_Cube.uasset" to "../../../../../../Users/Keith/Documents/Unreal Projects/TeamProject/TeamProject/Content/StarterContent/Shapes/Shape_Cube.uasset"
[2016.04.21-18.47.09:273][  0]LogPackFactory: Copied "../../../Samples/StarterContent/Content/StarterContent/Shapes/Shape_Cylinder.uasset" to "../../../../../../Users/Keith/Documents/Unreal Projects/TeamProject/TeamProject/Content/StarterContent/Shapes/Shape_Cylinder.uasset"
[2016.04.21-18.47.09:275][  0]LogPackFactory: Copied "../../../Samples/StarterContent/Content/StarterContent/Shapes/Shape_NarrowCapsule.uasset" to "../../../../../../Users/Keith/Documents/Unreal Projects/TeamProject/TeamProject/Content/StarterContent/Shapes/Shape_NarrowCapsule.uasset"
[2016.04.21-18.47.09:277][  0]LogPackFactory: Copied "../../../Samples/StarterContent/Content/StarterContent/Shapes/Shape_Pipe.uasset" to "../../../../../../Users/Keith/Documents/Unreal Projects/TeamProject/TeamProject/Content/StarterContent/Shapes/Shape_Pipe.uasset"
[2016.04.21-18.47.09:278][  0]LogPackFactory: Copied "../../../Samples/StarterContent/Content/StarterContent/Shapes/Shape_Pipe_180.uasset" to "../../../../../../Users/Keith/Documents/Unreal Projects/TeamProject/TeamProject/Content/StarterContent/Shapes/Shape_Pipe_180.uasset"
[2016.04.21-18.47.09:280][  0]LogPackFactory: Copied "../../../Samples/StarterContent/Content/StarterContent/Shapes/Shape_Pipe_90.uasset" to "../../../../../../Users/Keith/Documents/Unreal Projects/TeamProject/TeamProject/Content/StarterContent/Shapes/Shape_Pipe_90.uasset"
[2016.04.21-18.47.09:282][  0]LogPackFactory: Copied "../../../Samples/StarterContent/Content/StarterContent/Shapes/Shape_Plane.uasset" to "../../../../../../Users/Keith/Documents/Unreal Projects/TeamProject/TeamProject/Content/StarterContent/Shapes/Shape_Plane.uasset"
[2016.04.21-18.47.09:284][  0]LogPackFactory: Copied "../../../Samples/StarterContent/Content/StarterContent/Shapes/Shape_QuadPyramid.uasset" to "../../../../../../Users/Keith/Documents/Unreal Projects/TeamProject/TeamProject/Content/StarterContent/Shapes/Shape_QuadPyramid.uasset"
[2016.04.21-18.47.09:286][  0]LogPackFactory: Copied "../../../Samples/StarterContent/Content/StarterContent/Shapes/Shape_Sphere.uasset" to "../../../../../../Users/Keith/Documents/Unreal Projects/TeamProject/TeamProject/Content/StarterContent/Shapes/Shape_Sphere.uasset"
[2016.04.21-18.47.09:288][  0]LogPackFactory: Copied "../../../Samples/StarterContent/Content/StarterContent/Shapes/Shape_Torus.uasset" to "../../../../../../Users/Keith/Documents/Unreal Projects/TeamProject/TeamProject/Content/StarterContent/Shapes/Shape_Torus.uasset"
[2016.04.21-18.47.09:289][  0]LogPackFactory: Copied "../../../Samples/StarterContent/Content/StarterContent/Shapes/Shape_Trim.uasset" to "../../../../../../Users/Keith/Documents/Unreal Projects/TeamProject/TeamProject/Content/StarterContent/Shapes/Shape_Trim.uasset"
[2016.04.21-18.47.09:291][  0]LogPackFactory: Copied "../../../Samples/StarterContent/Content/StarterContent/Shapes/Shape_Trim_90_In.uasset" to "../../../../../../Users/Keith/Documents/Unreal Projects/TeamProject/TeamProject/Content/StarterContent/Shapes/Shape_Trim_90_In.uasset"
[2016.04.21-18.47.09:292][  0]LogPackFactory: Copied "../../../Samples/StarterContent/Content/StarterContent/Shapes/Shape_Trim_90_Out.uasset" to "../../../../../../Users/Keith/Documents/Unreal Projects/TeamProject/TeamProject/Content/StarterContent/Shapes/Shape_Trim_90_Out.uasset"
[2016.04.21-18.47.09:294][  0]LogPackFactory: Copied "../../../Samples/StarterContent/Content/StarterContent/Shapes/Shape_TriPyramid.uasset" to "../../../../../../Users/Keith/Documents/Unreal Projects/TeamProject/TeamProject/Content/StarterContent/Shapes/Shape_TriPyramid.uasset"
[2016.04.21-18.47.09:295][  0]LogPackFactory: Copied "../../../Samples/StarterContent/Content/StarterContent/Shapes/Shape_Tube.uasset" to "../../../../../../Users/Keith/Documents/Unreal Projects/TeamProject/TeamProject/Content/StarterContent/Shapes/Shape_Tube.uasset"
[2016.04.21-18.47.09:382][  0]LogPackFactory: Copied "../../../Samples/StarterContent/Content/StarterContent/Shapes/Shape_Wedge_A.uasset" to "../../../../../../Users/Keith/Documents/Unreal Projects/TeamProject/TeamProject/Content/StarterContent/Shapes/Shape_Wedge_A.uasset"
[2016.04.21-18.47.09:383][  0]LogPackFactory: Copied "../../../Samples/StarterContent/Content/StarterContent/Shapes/Shape_Wedge_B.uasset" to "../../../../../../Users/Keith/Documents/Unreal Projects/TeamProject/TeamProject/Content/StarterContent/Shapes/Shape_Wedge_B.uasset"
[2016.04.21-18.47.09:393][  0]LogPackFactory: Copied "../../../Samples/StarterContent/Content/StarterContent/Shapes/Shape_WideCapsule.uasset" to "../../../../../../Users/Keith/Documents/Unreal Projects/TeamProject/TeamProject/Content/StarterContent/Shapes/Shape_WideCapsule.uasset"
[2016.04.21-18.47.09:401][  0]LogPackFactory: Copied "../../../Samples/StarterContent/Content/StarterContent/Textures/T_Brick_Clay_Beveled_D.uasset" to "../../../../../../Users/Keith/Documents/Unreal Projects/TeamProject/TeamProject/Content/StarterContent/Textures/T_Brick_Clay_Beveled_D.uasset"
[2016.04.21-18.47.09:414][  0]LogPackFactory: Copied "../../../Samples/StarterContent/Content/StarterContent/Textures/T_Brick_Clay_Beveled_M.uasset" to "../../../../../../Users/Keith/Documents/Unreal Projects/TeamProject/TeamProject/Content/StarterContent/Textures/T_Brick_Clay_Beveled_M.uasset"
[2016.04.21-18.47.09:627][  0]LogPackFactory: Copied "../../../Samples/StarterContent/Content/StarterContent/Textures/T_Brick_Clay_Beveled_N.uasset" to "../../../../../../Users/Keith/Documents/Unreal Projects/TeamProject/TeamProject/Content/StarterContent/Textures/T_Brick_Clay_Beveled_N.uasset"
[2016.04.21-18.47.09:635][  0]LogPackFactory: Copied "../../../Samples/StarterContent/Content/StarterContent/Textures/T_Brick_Clay_New_D.uasset" to "../../../../../../Users/Keith/Documents/Unreal Projects/TeamProject/TeamProject/Content/StarterContent/Textures/T_Brick_Clay_New_D.uasset"
[2016.04.21-18.47.10:926][  0]LogPackFactory: Copied "../../../Samples/StarterContent/Content/StarterContent/Textures/T_Brick_Clay_New_M.uasset" to "../../../../../../Users/Keith/Documents/Unreal Projects/TeamProject/TeamProject/Content/StarterContent/Textures/T_Brick_Clay_New_M.uasset"
[2016.04.21-18.47.10:933][  0]LogPackFactory: Copied "../../../Samples/StarterContent/Content/StarterContent/Textures/T_Brick_Clay_New_N.uasset" to "../../../../../../Users/Keith/Documents/Unreal Projects/TeamProject/TeamProject/Content/StarterContent/Textures/T_Brick_Clay_New_N.uasset"
[2016.04.21-18.47.10:946][  0]LogPackFactory: Copied "../../../Samples/StarterContent/Content/StarterContent/Textures/T_Brick_Clay_Old_D.uasset" to "../../../../../../Users/Keith/Documents/Unreal Projects/TeamProject/TeamProject/Content/StarterContent/Textures/T_Brick_Clay_Old_D.uasset"
[2016.04.21-18.47.10:954][  0]LogPackFactory: Copied "../../../Samples/StarterContent/Content/StarterContent/Textures/T_Brick_Clay_Old_N.uasset" to "../../../../../../Users/Keith/Documents/Unreal Projects/TeamProject/TeamProject/Content/StarterContent/Textures/T_Brick_Clay_Old_N.uasset"
[2016.04.21-18.47.10:965][  0]LogPackFactory: Copied "../../../Samples/StarterContent/Content/StarterContent/Textures/T_Brick_Cut_Stone_D.uasset" to "../../../../../../Users/Keith/Documents/Unreal Projects/TeamProject/TeamProject/Content/StarterContent/Textures/T_Brick_Cut_Stone_D.uasset"
[2016.04.21-18.47.10:973][  0]LogPackFactory: Copied "../../../Samples/StarterContent/Content/StarterContent/Textures/T_Brick_Cut_Stone_N.uasset" to "../../../../../../Users/Keith/Documents/Unreal Projects/TeamProject/TeamProject/Content/StarterContent/Textures/T_Brick_Cut_Stone_N.uasset"
[2016.04.21-18.47.10:981][  0]LogPackFactory: Copied "../../../Samples/StarterContent/Content/StarterContent/Textures/T_Brick_Hewn_Stone_D.uasset" to "../../../../../../Users/Keith/Documents/Unreal Projects/TeamProject/TeamProject/Content/StarterContent/Textures/T_Brick_Hewn_Stone_D.uasset"
[2016.04.21-18.47.11:192][  0]LogPackFactory: Copied "../../../Samples/StarterContent/Content/StarterContent/Textures/T_Brick_Hewn_Stone_M.uasset" to "../../../../../../Users/Keith/Documents/Unreal Projects/TeamProject/TeamProject/Content/StarterContent/Textures/T_Brick_Hewn_Stone_M.uasset"
[2016.04.21-18.47.11:201][  0]LogPackFactory: Copied "../../../Samples/StarterContent/Content/StarterContent/Textures/T_Brick_Hewn_Stone_N.uasset" to "../../../../../../Users/Keith/Documents/Unreal Projects/TeamProject/TeamProject/Content/StarterContent/Textures/T_Brick_Hewn_Stone_N.uasset"
[2016.04.21-18.47.11:203][  0]LogPackFactory: Copied "../../../Samples/StarterContent/Content/StarterContent/Textures/T_Burst_M.uasset" to "../../../../../../Users/Keith/Documents/Unreal Projects/TeamProject/TeamProject/Content/StarterContent/Textures/T_Burst_M.uasset"
[2016.04.21-18.47.11:206][  0]LogPackFactory: Copied "../../../Samples/StarterContent/Content/StarterContent/Textures/T_Bush_D.uasset" to "../../../../../../Users/Keith/Documents/Unreal Projects/TeamProject/TeamProject/Content/StarterContent/Textures/T_Bush_D.uasset"
[2016.04.21-18.47.11:208][  0]LogPackFactory: Copied "../../../Samples/StarterContent/Content/StarterContent/Textures/T_Bush_N.uasset" to "../../../../../../Users/Keith/Documents/Unreal Projects/TeamProject/TeamProject/Content/StarterContent/Textures/T_Bush_N.uasset"
[2016.04.21-18.47.11:299][  0]LogPackFactory: Copied "../../../Samples/StarterContent/Content/StarterContent/Textures/T_Ceramic_Tile_M.uasset" to "../../../../../../Users/Keith/Documents/Unreal Projects/TeamProject/TeamProject/Content/StarterContent/Textures/T_Ceramic_Tile_M.uasset"
[2016.04.21-18.47.11:301][  0]LogPackFactory: Copied "../../../Samples/StarterContent/Content/StarterContent/Textures/T_Ceramic_Tile_N.uasset" to "../../../../../../Users/Keith/Documents/Unreal Projects/TeamProject/TeamProject/Content/StarterContent/Textures/T_Ceramic_Tile_N.uasset"
[2016.04.21-18.47.11:314][  0]LogPackFactory: Copied "../../../Samples/StarterContent/Content/StarterContent/Textures/T_Chair_M.uasset" to "../../../../../../Users/Keith/Documents/Unreal Projects/TeamProject/TeamProject/Content/StarterContent/Textures/T_Chair_M.uasset"
[2016.04.21-18.47.11:317][  0]LogPackFactory: Copied "../../../Samples/StarterContent/Content/StarterContent/Textures/T_Chair_N.uasset" to "../../../../../../Users/Keith/Documents/Unreal Projects/TeamProject/TeamProject/Content/StarterContent/Textures/T_Chair_N.uasset"
[2016.04.21-18.47.11:319][  0]LogPackFactory: Copied "../../../Samples/StarterContent/Content/StarterContent/Textures/T_Checker_Noise_M.uasset" to "../../../../../../Users/Keith/Documents/Unreal Projects/TeamProject/TeamProject/Content/StarterContent/Textures/T_Checker_Noise_M.uasset"
[2016.04.21-18.47.11:331][  0]LogPackFactory: Copied "../../../Samples/StarterContent/Content/StarterContent/Textures/T_CobbleStone_Pebble_D.uasset" to "../../../../../../Users/Keith/Documents/Unreal Projects/TeamProject/TeamProject/Content/StarterContent/Textures/T_CobbleStone_Pebble_D.uasset"
[2016.04.21-18.47.11:334][  0]LogPackFactory: Copied "../../../Samples/StarterContent/Content/StarterContent/Textures/T_CobbleStone_Pebble_M.uasset" to "../../../../../../Users/Keith/Documents/Unreal Projects/TeamProject/TeamProject/Content/StarterContent/Textures/T_CobbleStone_Pebble_M.uasset"
[2016.04.21-18.47.11:347][  0]LogPackFactory: Copied "../../../Samples/StarterContent/Content/StarterContent/Textures/T_CobbleStone_Pebble_N.uasset" to "../../../../../../Users/Keith/Documents/Unreal Projects/TeamProject/TeamProject/Content/StarterContent/Textures/T_CobbleStone_Pebble_N.uasset"
[2016.04.21-18.47.11:525][  0]LogPackFactory: Copied "../../../Samples/StarterContent/Content/StarterContent/Textures/T_CobbleStone_Rough_D.uasset" to "../../../../../../Users/Keith/Documents/Unreal Projects/TeamProject/TeamProject/Content/StarterContent/Textures/T_CobbleStone_Rough_D.uasset"
[2016.04.21-18.47.11:717][  0]LogPackFactory: Copied "../../../Samples/StarterContent/Content/StarterContent/Textures/T_CobbleStone_Rough_N.uasset" to "../../../../../../Users/Keith/Documents/Unreal Projects/TeamProject/TeamProject/Content/StarterContent/Textures/T_CobbleStone_Rough_N.uasset"
[2016.04.21-18.47.11:725][  0]LogPackFactory: Copied "../../../Samples/StarterContent/Content/StarterContent/Textures/T_CobbleStone_Smooth_D.uasset" to "../../../../../../Users/Keith/Documents/Unreal Projects/TeamProject/TeamProject/Content/StarterContent/Textures/T_CobbleStone_Smooth_D.uasset"
[2016.04.21-18.47.11:732][  0]LogPackFactory: Copied "../../../Samples/StarterContent/Content/StarterContent/Textures/T_CobbleStone_Smooth_M.uasset" to "../../../../../../Users/Keith/Documents/Unreal Projects/TeamProject/TeamProject/Content/StarterContent/Textures/T_CobbleStone_Smooth_M.uasset"
[2016.04.21-18.47.11:744][  0]LogPackFactory: Copied "../../../Samples/StarterContent/Content/StarterContent/Textures/T_CobbleStone_Smooth_N.uasset" to "../../../../../../Users/Keith/Documents/Unreal Projects/TeamProject/TeamProject/Content/StarterContent/Textures/T_CobbleStone_Smooth_N.uasset"
[2016.04.21-18.47.12:904][  0]LogPackFactory: Copied "../../../Samples/StarterContent/Content/StarterContent/Textures/T_Concrete_Grime_D.uasset" to "../../../../../../Users/Keith/Documents/Unreal Projects/TeamProject/TeamProject/Content/StarterContent/Textures/T_Concrete_Grime_D.uasset"
[2016.04.21-18.47.12:913][  0]LogPackFactory: Copied "../../../Samples/StarterContent/Content/StarterContent/Textures/T_Concrete_Panels_D.uasset" to "../../../../../../Users/Keith/Documents/Unreal Projects/TeamProject/TeamProject/Content/StarterContent/Textures/T_Concrete_Panels_D.uasset"
[2016.04.21-18.47.12:921][  0]LogPackFactory: Copied "../../../Samples/StarterContent/Content/StarterContent/Textures/T_Concrete_Panels_N.uasset" to "../../../../../../Users/Keith/Documents/Unreal Projects/TeamProject/TeamProject/Content/StarterContent/Textures/T_Concrete_Panels_N.uasset"
[2016.04.21-18.47.12:931][  0]LogPackFactory: Copied "../../../Samples/StarterContent/Content/StarterContent/Textures/T_Concrete_Poured_D.uasset" to "../../../../../../Users/Keith/Documents/Unreal Projects/TeamProject/TeamProject/Content/StarterContent/Textures/T_Concrete_Poured_D.uasset"
[2016.04.21-18.47.12:939][  0]LogPackFactory: Copied "../../../Samples/StarterContent/Content/StarterContent/Textures/T_Concrete_Poured_N.uasset" to "../../../../../../Users/Keith/Documents/Unreal Projects/TeamProject/TeamProject/Content/StarterContent/Textures/T_Concrete_Poured_N.uasset"
[2016.04.21-18.47.12:972][  0]LogPackFactory: Copied "../../../Samples/StarterContent/Content/StarterContent/Textures/T_Concrete_Tiles_D.uasset" to "../../../../../../Users/Keith/Documents/Unreal Projects/TeamProject/TeamProject/Content/StarterContent/Textures/T_Concrete_Tiles_D.uasset"
[2016.04.21-18.47.13:262][  0]LogPackFactory: Copied "../../../Samples/StarterContent/Content/StarterContent/Textures/T_Concrete_Tiles_M.uasset" to "../../../../../../Users/Keith/Documents/Unreal Projects/TeamProject/TeamProject/Content/StarterContent/Textures/T_Concrete_Tiles_M.uasset"
[2016.04.21-18.47.13:271][  0]LogPackFactory: Copied "../../../Samples/StarterContent/Content/StarterContent/Textures/T_Concrete_Tiles_N.uasset" to "../../../../../../Users/Keith/Documents/Unreal Projects/TeamProject/TeamProject/Content/StarterContent/Textures/T_Concrete_Tiles_N.uasset"
[2016.04.21-18.47.13:273][  0]LogPackFactory: Copied "../../../Samples/StarterContent/Content/StarterContent/Textures/T_Concrete_Tiles_Variation_M.uasset" to "../../../../../../Users/Keith/Documents/Unreal Projects/TeamProject/TeamProject/Content/StarterContent/Textures/T_Concrete_Tiles_Variation_M.uasset"
[2016.04.21-18.47.13:279][  0]LogPackFactory: Copied "../../../Samples/StarterContent/Content/StarterContent/Textures/T_Detail_Rocky_N.uasset" to "../../../../../../Users/Keith/Documents/Unreal Projects/TeamProject/TeamProject/Content/StarterContent/Textures/T_Detail_Rocky_N.uasset"
[2016.04.21-18.47.13:282][  0]LogPackFactory: Copied "../../../Samples/StarterContent/Content/StarterContent/Textures/T_Door_M.uasset" to "../../../../../../Users/Keith/Documents/Unreal Projects/TeamProject/TeamProject/Content/StarterContent/Textures/T_Door_M.uasset"
[2016.04.21-18.47.13:341][  0]LogPackFactory: Copied "../../../Samples/StarterContent/Content/StarterContent/Textures/T_Door_N.uasset" to "../../../../../../Users/Keith/Documents/Unreal Projects/TeamProject/TeamProject/Content/StarterContent/Textures/T_Door_N.uasset"
[2016.04.21-18.47.13:344][  0]LogPackFactory: Copied "../../../Samples/StarterContent/Content/StarterContent/Textures/T_Dust_Particle_D.uasset" to "../../../../../../Users/Keith/Documents/Unreal Projects/TeamProject/TeamProject/Content/StarterContent/Textures/T_Dust_Particle_D.uasset"
[2016.04.21-18.47.13:349][  0]LogPackFactory: Copied "../../../Samples/StarterContent/Content/StarterContent/Textures/T_Explosion_SubUV.uasset" to "../../../../../../Users/Keith/Documents/Unreal Projects/TeamProject/TeamProject/Content/StarterContent/Textures/T_Explosion_SubUV.uasset"
[2016.04.21-18.47.13:352][  0]LogPackFactory: Copied "../../../Samples/StarterContent/Content/StarterContent/Textures/T_Fire_SubUV.uasset" to "../../../../../../Users/Keith/Documents/Unreal Projects/TeamProject/TeamProject/Content/StarterContent/Textures/T_Fire_SubUV.uasset"
[2016.04.21-18.47.13:556][  0]LogPackFactory: Copied "../../../Samples/StarterContent/Content/StarterContent/Textures/T_Fire_Tiled_D.uasset" to "../../../../../../Users/Keith/Documents/Unreal Projects/TeamProject/TeamProject/Content/StarterContent/Textures/T_Fire_Tiled_D.uasset"
[2016.04.21-18.47.13:621][  0]LogPackFactory: Copied "../../../Samples/StarterContent/Content/StarterContent/Textures/T_Frame_M.uasset" to "../../../../../../Users/Keith/Documents/Unreal Projects/TeamProject/TeamProject/Content/StarterContent/Textures/T_Frame_M.uasset"
[2016.04.21-18.47.13:624][  0]LogPackFactory: Copied "../../../Samples/StarterContent/Content/StarterContent/Textures/T_Frame_N.uasset" to "../../../../../../Users/Keith/Documents/Unreal Projects/TeamProject/TeamProject/Content/StarterContent/Textures/T_Frame_N.uasset"
[2016.04.21-18.47.13:626][  0]LogPackFactory: Copied "../../../Samples/StarterContent/Content/StarterContent/Textures/T_Gradinet_01.uasset" to "../../../../../../Users/Keith/Documents/Unreal Projects/TeamProject/TeamProject/Content/StarterContent/Textures/T_Gradinet_01.uasset"
[2016.04.21-18.47.13:640][  0]LogPackFactory: Copied "../../../Samples/StarterContent/Content/StarterContent/Textures/T_Ground_Grass_D.uasset" to "../../../../../../Users/Keith/Documents/Unreal Projects/TeamProject/TeamProject/Content/StarterContent/Textures/T_Ground_Grass_D.uasset"
[2016.04.21-18.47.13:653][  0]LogPackFactory: Copied "../../../Samples/StarterContent/Content/StarterContent/Textures/T_Ground_Grass_N.uasset" to "../../../../../../Users/Keith/Documents/Unreal Projects/TeamProject/TeamProject/Content/StarterContent/Textures/T_Ground_Grass_N.uasset"
[2016.04.21-18.47.13:665][  0]LogPackFactory: Copied "../../../Samples/StarterContent/Content/StarterContent/Textures/T_Ground_Gravel_D.uasset" to "../../../../../../Users/Keith/Documents/Unreal Projects/TeamProject/TeamProject/Content/StarterContent/Textures/T_Ground_Gravel_D.uasset"
[2016.04.21-18.47.13:674][  0]LogPackFactory: Copied "../../../Samples/StarterContent/Content/StarterContent/Textures/T_Ground_Gravel_N.uasset" to "../../../../../../Users/Keith/Documents/Unreal Projects/TeamProject/TeamProject/Content/StarterContent/Textures/T_Ground_Gravel_N.uasset"
[2016.04.21-18.47.13:688][  0]LogPackFactory: Copied "../../../Samples/StarterContent/Content/StarterContent/Textures/T_ground_Moss_D.uasset" to "../../../../../../Users/Keith/Documents/Unreal Projects/TeamProject/TeamProject/Content/StarterContent/Textures/T_ground_Moss_D.uasset"
[2016.04.21-18.47.14:684][  0]LogPackFactory: Copied "../../../Samples/StarterContent/Content/StarterContent/Textures/T_Ground_Moss_N.uasset" to "../../../../../../Users/Keith/Documents/Unreal Projects/TeamProject/TeamProject/Content/StarterContent/Textures/T_Ground_Moss_N.uasset"
[2016.04.21-18.47.14:687][  0]LogPackFactory: Copied "../../../Samples/StarterContent/Content/StarterContent/Textures/T_Lamp_M.uasset" to "../../../../../../Users/Keith/Documents/Unreal Projects/TeamProject/TeamProject/Content/StarterContent/Textures/T_Lamp_M.uasset"
[2016.04.21-18.47.14:690][  0]LogPackFactory: Copied "../../../Samples/StarterContent/Content/StarterContent/Textures/T_Lamp_N.uasset" to "../../../../../../Users/Keith/Documents/Unreal Projects/TeamProject/TeamProject/Content/StarterContent/Textures/T_Lamp_N.uasset"
[2016.04.21-18.47.14:764][  0]LogPackFactory: Copied "../../../Samples/StarterContent/Content/StarterContent/Textures/T_MacroVariation.uasset" to "../../../../../../Users/Keith/Documents/Unreal Projects/TeamProject/TeamProject/Content/StarterContent/Textures/T_MacroVariation.uasset"
[2016.04.21-18.47.14:776][  0]LogPackFactory: Copied "../../../Samples/StarterContent/Content/StarterContent/Textures/T_Metal_Aluminum_D.uasset" to "../../../../../../Users/Keith/Documents/Unreal Projects/TeamProject/TeamProject/Content/StarterContent/Textures/T_Metal_Aluminum_D.uasset"
[2016.04.21-18.47.14:788][  0]LogPackFactory: Copied "../../../Samples/StarterContent/Content/StarterContent/Textures/T_Metal_Copper_D.uasset" to "../../../../../../Users/Keith/Documents/Unreal Projects/TeamProject/TeamProject/Content/StarterContent/Textures/T_Metal_Copper_D.uasset"
[2016.04.21-18.47.15:775][  0]LogPackFactory: Copied "../../../Samples/StarterContent/Content/StarterContent/Textures/T_Metal_Gold_D.uasset" to "../../../../../../Users/Keith/Documents/Unreal Projects/TeamProject/TeamProject/Content/StarterContent/Textures/T_Metal_Gold_D.uasset"
[2016.04.21-18.47.15:779][  0]LogPackFactory: Copied "../../../Samples/StarterContent/Content/StarterContent/Textures/T_Metal_Gold_N.uasset" to "../../../../../../Users/Keith/Documents/Unreal Projects/TeamProject/TeamProject/Content/StarterContent/Textures/T_Metal_Gold_N.uasset"
[2016.04.21-18.47.15:916][  0]LogPackFactory: Copied "../../../Samples/StarterContent/Content/StarterContent/Textures/T_Metal_Rust_D.uasset" to "../../../../../../Users/Keith/Documents/Unreal Projects/TeamProject/TeamProject/Content/StarterContent/Textures/T_Metal_Rust_D.uasset"
[2016.04.21-18.47.15:924][  0]LogPackFactory: Copied "../../../Samples/StarterContent/Content/StarterContent/Textures/T_Metal_Rust_N.uasset" to "../../../../../../Users/Keith/Documents/Unreal Projects/TeamProject/TeamProject/Content/StarterContent/Textures/T_Metal_Rust_N.uasset"
[2016.04.21-18.47.15:929][  0]LogPackFactory: Copied "../../../Samples/StarterContent/Content/StarterContent/Textures/T_Metal_Steel_D.uasset" to "../../../../../../Users/Keith/Documents/Unreal Projects/TeamProject/TeamProject/Content/StarterContent/Textures/T_Metal_Steel_D.uasset"
[2016.04.21-18.47.16:126][  0]LogPackFactory: Copied "../../../Samples/StarterContent/Content/StarterContent/Textures/T_Metal_Steel_N.uasset" to "../../../../../../Users/Keith/Documents/Unreal Projects/TeamProject/TeamProject/Content/StarterContent/Textures/T_Metal_Steel_N.uasset"
[2016.04.21-18.47.16:603][  0]LogPackFactory: Copied "../../../Samples/StarterContent/Content/StarterContent/Textures/T_Perlin_Noise_M.uasset" to "../../../../../../Users/Keith/Documents/Unreal Projects/TeamProject/TeamProject/Content/StarterContent/Textures/T_Perlin_Noise_M.uasset"
[2016.04.21-18.47.16:610][  0]LogPackFactory: Copied "../../../Samples/StarterContent/Content/StarterContent/Textures/T_RockMesh_M.uasset" to "../../../../../../Users/Keith/Documents/Unreal Projects/TeamProject/TeamProject/Content/StarterContent/Textures/T_RockMesh_M.uasset"
[2016.04.21-18.47.17:632][  0]LogPackFactory: Copied "../../../Samples/StarterContent/Content/StarterContent/Textures/T_RockMesh_N.uasset" to "../../../../../../Users/Keith/Documents/Unreal Projects/TeamProject/TeamProject/Content/StarterContent/Textures/T_RockMesh_N.uasset"
[2016.04.21-18.47.17:646][  0]LogPackFactory: Copied "../../../Samples/StarterContent/Content/StarterContent/Textures/T_Rock_Basalt_D.uasset" to "../../../../../../Users/Keith/Documents/Unreal Projects/TeamProject/TeamProject/Content/StarterContent/Textures/T_Rock_Basalt_D.uasset"
[2016.04.21-18.47.17:785][  0]LogPackFactory: Copied "../../../Samples/StarterContent/Content/StarterContent/Textures/T_Rock_Basalt_N.uasset" to "../../../../../../Users/Keith/Documents/Unreal Projects/TeamProject/TeamProject/Content/StarterContent/Textures/T_Rock_Basalt_N.uasset"
[2016.04.21-18.47.17:793][  0]LogPackFactory: Copied "../../../Samples/StarterContent/Content/StarterContent/Textures/T_Rock_Marble_Polished_D.uasset" to "../../../../../../Users/Keith/Documents/Unreal Projects/TeamProject/TeamProject/Content/StarterContent/Textures/T_Rock_Marble_Polished_D.uasset"
[2016.04.21-18.47.18:469][  0]LogPackFactory: Copied "../../../Samples/StarterContent/Content/StarterContent/Textures/T_Rock_Sandstone_D.uasset" to "../../../../../../Users/Keith/Documents/Unreal Projects/TeamProject/TeamProject/Content/StarterContent/Textures/T_Rock_Sandstone_D.uasset"
[2016.04.21-18.47.18:477][  0]LogPackFactory: Copied "../../../Samples/StarterContent/Content/StarterContent/Textures/T_Rock_Sandstone_N.uasset" to "../../../../../../Users/Keith/Documents/Unreal Projects/TeamProject/TeamProject/Content/StarterContent/Textures/T_Rock_Sandstone_N.uasset"
[2016.04.21-18.47.18:552][  0]LogPackFactory: Copied "../../../Samples/StarterContent/Content/StarterContent/Textures/T_Rock_Slate_D.uasset" to "../../../../../../Users/Keith/Documents/Unreal Projects/TeamProject/TeamProject/Content/StarterContent/Textures/T_Rock_Slate_D.uasset"
[2016.04.21-18.47.18:562][  0]LogPackFactory: Copied "../../../Samples/StarterContent/Content/StarterContent/Textures/T_Rock_Slate_N.uasset" to "../../../../../../Users/Keith/Documents/Unreal Projects/TeamProject/TeamProject/Content/StarterContent/Textures/T_Rock_Slate_N.uasset"
[2016.04.21-18.47.19:282][  0]LogPackFactory: Copied "../../../Samples/StarterContent/Content/StarterContent/Textures/T_Rock_Smooth_Granite_D.uasset" to "../../../../../../Users/Keith/Documents/Unreal Projects/TeamProject/TeamProject/Content/StarterContent/Textures/T_Rock_Smooth_Granite_D.uasset"
[2016.04.21-18.47.19:285][  0]LogPackFactory: Copied "../../../Samples/StarterContent/Content/StarterContent/Textures/T_Shelf_M.uasset" to "../../../../../../Users/Keith/Documents/Unreal Projects/TeamProject/TeamProject/Content/StarterContent/Textures/T_Shelf_M.uasset"
[2016.04.21-18.47.19:356][  0]LogPackFactory: Copied "../../../Samples/StarterContent/Content/StarterContent/Textures/T_Shelf_N.uasset" to "../../../../../../Users/Keith/Documents/Unreal Projects/TeamProject/TeamProject/Content/StarterContent/Textures/T_Shelf_N.uasset"
[2016.04.21-18.47.19:357][  0]LogPackFactory: Copied "../../../Samples/StarterContent/Content/StarterContent/Textures/T_Single_Tile_N.uasset" to "../../../../../../Users/Keith/Documents/Unreal Projects/TeamProject/TeamProject/Content/StarterContent/Textures/T_Single_Tile_N.uasset"
[2016.04.21-18.47.19:362][  0]LogPackFactory: Copied "../../../Samples/StarterContent/Content/StarterContent/Textures/T_Smoke_SubUV.uasset" to "../../../../../../Users/Keith/Documents/Unreal Projects/TeamProject/TeamProject/Content/StarterContent/Textures/T_Smoke_SubUV.uasset"
[2016.04.21-18.47.19:364][  0]LogPackFactory: Copied "../../../Samples/StarterContent/Content/StarterContent/Textures/T_Smoke_Tiled_D.uasset" to "../../../../../../Users/Keith/Documents/Unreal Projects/TeamProject/TeamProject/Content/StarterContent/Textures/T_Smoke_Tiled_D.uasset"
[2016.04.21-18.47.19:367][  0]LogPackFactory: Copied "../../../Samples/StarterContent/Content/StarterContent/Textures/T_Spark_Core.uasset" to "../../../../../../Users/Keith/Documents/Unreal Projects/TeamProject/TeamProject/Content/StarterContent/Textures/T_Spark_Core.uasset"
[2016.04.21-18.47.19:369][  0]LogPackFactory: Copied "../../../Samples/StarterContent/Content/StarterContent/Textures/T_Statue_M.uasset" to "../../../../../../Users/Keith/Documents/Unreal Projects/TeamProject/TeamProject/Content/StarterContent/Textures/T_Statue_M.uasset"
[2016.04.21-18.47.19:372][  0]LogPackFactory: Copied "../../../Samples/StarterContent/Content/StarterContent/Textures/T_Statue_N.uasset" to "../../../../../../Users/Keith/Documents/Unreal Projects/TeamProject/TeamProject/Content/StarterContent/Textures/T_Statue_N.uasset"
[2016.04.21-18.47.19:375][  0]LogPackFactory: Copied "../../../Samples/StarterContent/Content/StarterContent/Textures/T_TableRound_M.uasset" to "../../../../../../Users/Keith/Documents/Unreal Projects/TeamProject/TeamProject/Content/StarterContent/Textures/T_TableRound_M.uasset"
[2016.04.21-18.47.19:379][  0]LogPackFactory: Copied "../../../Samples/StarterContent/Content/StarterContent/Textures/T_TableRound_N.uasset" to "../../../../../../Users/Keith/Documents/Unreal Projects/TeamProject/TeamProject/Content/StarterContent/Textures/T_TableRound_N.uasset"
[2016.04.21-18.47.19:381][  0]LogPackFactory: Copied "../../../Samples/StarterContent/Content/StarterContent/Textures/T_Tech_Dot_M.uasset" to "../../../../../../Users/Keith/Documents/Unreal Projects/TeamProject/TeamProject/Content/StarterContent/Textures/T_Tech_Dot_M.uasset"
[2016.04.21-18.47.19:384][  0]LogPackFactory: Copied "../../../Samples/StarterContent/Content/StarterContent/Textures/T_Tech_Dot_N.uasset" to "../../../../../../Users/Keith/Documents/Unreal Projects/TeamProject/TeamProject/Content/StarterContent/Textures/T_Tech_Dot_N.uasset"
[2016.04.21-18.47.19:386][  0]LogPackFactory: Copied "../../../Samples/StarterContent/Content/StarterContent/Textures/T_Tech_Hex_Tile_M.uasset" to "../../../../../../Users/Keith/Documents/Unreal Projects/TeamProject/TeamProject/Content/StarterContent/Textures/T_Tech_Hex_Tile_M.uasset"
[2016.04.21-18.47.19:389][  0]LogPackFactory: Copied "../../../Samples/StarterContent/Content/StarterContent/Textures/T_Tech_Hex_Tile_N.uasset" to "../../../../../../Users/Keith/Documents/Unreal Projects/TeamProject/TeamProject/Content/StarterContent/Textures/T_Tech_Hex_Tile_N.uasset"
[2016.04.21-18.47.19:393][  0]LogPackFactory: Copied "../../../Samples/StarterContent/Content/StarterContent/Textures/T_Tech_Panel_M.uasset" to "../../../../../../Users/Keith/Documents/Unreal Projects/TeamProject/TeamProject/Content/StarterContent/Textures/T_Tech_Panel_M.uasset"
[2016.04.21-18.47.19:397][  0]LogPackFactory: Copied "../../../Samples/StarterContent/Content/StarterContent/Textures/T_Tech_Panel_N.uasset" to "../../../../../../Users/Keith/Documents/Unreal Projects/TeamProject/TeamProject/Content/StarterContent/Textures/T_Tech_Panel_N.uasset"
[2016.04.21-18.47.19:401][  0]LogPackFactory: Copied "../../../Samples/StarterContent/Content/StarterContent/Textures/T_Water_M.uasset" to "../../../../../../Users/Keith/Documents/Unreal Projects/TeamProject/TeamProject/Content/StarterContent/Textures/T_Water_M.uasset"
[2016.04.21-18.47.19:450][  0]LogPackFactory: Copied "../../../Samples/StarterContent/Content/StarterContent/Textures/T_Water_N.uasset" to "../../../../../../Users/Keith/Documents/Unreal Projects/TeamProject/TeamProject/Content/StarterContent/Textures/T_Water_N.uasset"
[2016.04.21-18.47.19:457][  0]LogPackFactory: Copied "../../../Samples/StarterContent/Content/StarterContent/Textures/T_Wood_Floor_Walnut_D.uasset" to "../../../../../../Users/Keith/Documents/Unreal Projects/TeamProject/TeamProject/Content/StarterContent/Textures/T_Wood_Floor_Walnut_D.uasset"
[2016.04.21-18.47.19:469][  0]LogPackFactory: Copied "../../../Samples/StarterContent/Content/StarterContent/Textures/T_Wood_Floor_Walnut_M.uasset" to "../../../../../../Users/Keith/Documents/Unreal Projects/TeamProject/TeamProject/Content/StarterContent/Textures/T_Wood_Floor_Walnut_M.uasset"
[2016.04.21-18.47.19:474][  0]LogPackFactory: Copied "../../../Samples/StarterContent/Content/StarterContent/Textures/T_Wood_Floor_Walnut_N.uasset" to "../../../../../../Users/Keith/Documents/Unreal Projects/TeamProject/TeamProject/Content/StarterContent/Textures/T_Wood_Floor_Walnut_N.uasset"
[2016.04.21-18.47.19:481][  0]LogPackFactory: Copied "../../../Samples/StarterContent/Content/StarterContent/Textures/T_Wood_Oak_D.uasset" to "../../../../../../Users/Keith/Documents/Unreal Projects/TeamProject/TeamProject/Content/StarterContent/Textures/T_Wood_Oak_D.uasset"
[2016.04.21-18.47.19:489][  0]LogPackFactory: Copied "../../../Samples/StarterContent/Content/StarterContent/Textures/T_Wood_Oak_N.uasset" to "../../../../../../Users/Keith/Documents/Unreal Projects/TeamProject/TeamProject/Content/StarterContent/Textures/T_Wood_Oak_N.uasset"
[2016.04.21-18.47.20:748][  0]LogPackFactory: Copied "../../../Samples/StarterContent/Content/StarterContent/Textures/T_Wood_Pine_D.uasset" to "../../../../../../Users/Keith/Documents/Unreal Projects/TeamProject/TeamProject/Content/StarterContent/Textures/T_Wood_Pine_D.uasset"
[2016.04.21-18.47.20:753][  0]LogPackFactory: Copied "../../../Samples/StarterContent/Content/StarterContent/Textures/T_Wood_Pine_N.uasset" to "../../../../../../Users/Keith/Documents/Unreal Projects/TeamProject/TeamProject/Content/StarterContent/Textures/T_Wood_Pine_N.uasset"
[2016.04.21-18.47.20:892][  0]LogPackFactory: Copied "../../../Samples/StarterContent/Content/StarterContent/Textures/T_Wood_Walnut_D.uasset" to "../../../../../../Users/Keith/Documents/Unreal Projects/TeamProject/TeamProject/Content/StarterContent/Textures/T_Wood_Walnut_D.uasset"
[2016.04.21-18.47.20:898][  0]LogPackFactory: Copied "../../../Samples/StarterContent/Content/StarterContent/Textures/T_Wood_Walnut_N.uasset" to "../../../../../../Users/Keith/Documents/Unreal Projects/TeamProject/TeamProject/Content/StarterContent/Textures/T_Wood_Walnut_N.uasset"
[2016.04.21-18.47.21:013][  0]LogRenderer: Reallocating scene render targets to support 256x256 (Frame:2).
[2016.04.21-18.47.21:385][  0]LogSavePackage: Save=16.30ms
[2016.04.21-18.47.21:385][  0]LogSavePackage: Moving '../../../../../../Users/Keith/Documents/Unreal Projects/TeamProject/TeamProject/Saved/Floor_400x400A761192B45F7E8E335D169BA0275B4FB.tmp' to '../../../../../../Users/Keith/Documents/Unreal Projects/TeamProject/TeamProject/Content/StarterContent/Architecture/Floor_400x400.uasset'
[2016.04.21-18.47.21:395][  0]LogSavePackage: Total save time: 233.01ms
[2016.04.21-18.47.21:395][  0]LogSavePackage:Display: Finished SavePackage ../../../../../../Users/Keith/Documents/Unreal Projects/TeamProject/TeamProject/Content/StarterContent/Architecture/Floor_400x400.uasset
[2016.04.21-18.47.21:395][  0]LogFeaturePack:Warning: Inserted 1 feature packs
[2016.04.21-18.47.21:397][  0]Cmd: MAP LOAD FILE="../../../../../../Users/Keith/Documents/Unreal Projects/TeamProject/TeamProject/Content/FirstPersonBP/Maps/FirstPersonExampleMap.umap" TEMPLATE=0 SHOWPROGRESS=1 FEATURELEVEL=3
[2016.04.21-18.47.21:398][  0]LightingResults: New page: Lighting Build
[2016.04.21-18.47.21:402][  0]MapCheck: New page: Map Check
[2016.04.21-18.47.21:402][  0]LightingResults: New page: Lighting Build
[2016.04.21-18.47.21:801][  0]LogAIModule: Creating AISystem for world FirstPersonExampleMap
[2016.04.21-18.47.21:814][  0]LogEditorServer: Finished looking for orphan Actors (0.000 secs)
[2016.04.21-18.47.21:815][  0]Cmd: MAP CHECKDEP NOCLEARLOG
[2016.04.21-18.47.21:892][  0]MapCheck: Info Map check complete: 0 Error(s), 0 Warning(s), took 77.792ms to complete.
[2016.04.21-18.47.21:892][  0]LogFileHelpers: Loading map 'FirstPersonExampleMap' took 0.495
[2016.04.21-18.47.21:980][  0]LogCollectionManager: Loaded 0 collections in 0.002983 seconds
[2016.04.21-18.47.22:238][  0]LogFileCache: Scanning file cache for directory 'C:/Users/Keith/Documents/Unreal Projects/TeamProject/TeamProject/Saved/Collections/' took 0.01s
[2016.04.21-18.47.22:238][  0]LogFileCache: Scanning file cache for directory 'C:/Users/Keith/Documents/Unreal Projects/TeamProject/TeamProject/Content/Developers/Keith/Collections/' took 0.01s
[2016.04.21-18.47.22:238][  0]LogFileCache: Scanning file cache for directory 'C:/Users/Keith/Documents/Unreal Projects/TeamProject/TeamProject/Content/Collections/' took 0.01s
[2016.04.21-18.47.22:238][  0]LogCollectionManager: Rebuilt the GUID ca